<?xml version="1.0" encoding="utf-8"?><testsuites name="pytest tests"><testsuite name="pytest" errors="0" failures="0" skipped="0" tests="28" time="10.833" timestamp="2026-03-03T03:32:57.167732+00:00" hostname="agent-env-c8c47970-3296-4a36-b063-6bc2a32e2d80"><testcase classname="backend.tests.test_admin_controls_phase2.TestAdminControlsPhase2" name="test_01_admin_login_success" time="1.880" /><testcase classname="backend.tests.test_admin_controls_phase2.TestAdminControlsPhase2" name="test_02_admin_login_invalid_credentials" time="0.341" /><testcase classname="backend.tests.test_admin_controls_phase2.TestAdminControlsPhase2" name="test_10_client_block_action" time="0.327" /><testcase classname="backend.tests.test_admin_controls_phase2.TestAdminControlsPhase2" name="test_11_client_unblock_action" time="0.511" /><testcase classname="backend.tests.test_admin_controls_phase2.TestAdminControlsPhase2" name="test_12_client_suspend_action" time="0.498" /><testcase classname="backend.tests.test_admin_controls_phase2.TestAdminControlsPhase2" name="test_13_client_unsuspend_action" time="0.189" /><testcase classname="backend.tests.test_admin_controls_phase2.TestAdminControlsPhase2" name="test_14_client_freeze_wallet" time="0.391" /><testcase classname="backend.tests.test_admin_controls_phase2.TestAdminControlsPhase2" name="test_15_client_unfreeze_wallet" time="0.238" /><testcase classname="backend.tests.test_admin_controls_phase2.TestAdminControlsPhase2" name="test_16_client_adjust_balance_add" time="0.302" /><testcase classname="backend.tests.test_admin_controls_phase2.TestAdminControlsPhase2" name="test_17_client_adjust_balance_subtract" time="0.229" /><testcase classname="backend.tests.test_admin_controls_phase2.TestAdminControlsPhase2" name="test_18_client_control_invalid_action" time="0.304" /><testcase classname="backend.tests.test_admin_controls_phase2.TestAdminControlsPhase2" name="test_19_client_control_nonexistent_client" time="0.331" /><testcase classname="backend.tests.test_admin_controls_phase2.TestAdminControlsPhase2" name="test_20_merchant_block_action" time="0.369" /><testcase classname="backend.tests.test_admin_controls_phase2.TestAdminControlsPhase2" name="test_21_merchant_unblock_action" time="0.186" /><testcase classname="backend.tests.test_admin_controls_phase2.TestAdminControlsPhase2" name="test_22_merchant_suspend_action" time="0.142" /><testcase classname="backend.tests.test_admin_controls_phase2.TestAdminControlsPhase2" name="test_23_merchant_unsuspend_action" time="0.358" /><testcase classname="backend.tests.test_admin_controls_phase2.TestAdminControlsPhase2" name="test_24_merchant_toggle_cash_mode" time="0.686" /><testcase classname="backend.tests.test_admin_controls_phase2.TestAdminControlsPhase2" name="test_25_merchant_update_cash_limit" time="0.573" /><testcase classname="backend.tests.test_admin_controls_phase2.TestAdminControlsPhase2" name="test_26_merchant_control_invalid_action" time="0.166" /><testcase classname="backend.tests.test_admin_controls_phase2.TestAdminControlsPhase2" name="test_27_merchant_control_nonexistent_merchant" time="0.297" /><testcase classname="backend.tests.test_admin_controls_phase2.TestAdminControlsPhase2" name="test_30_get_action_logs_all" time="0.239" /><testcase classname="backend.tests.test_admin_controls_phase2.TestAdminControlsPhase2" name="test_31_get_action_logs_filter_client" time="0.148" /><testcase classname="backend.tests.test_admin_controls_phase2.TestAdminControlsPhase2" name="test_32_get_action_logs_filter_merchant" time="0.247" /><testcase classname="backend.tests.test_admin_controls_phase2.TestAdminControlsPhase2" name="test_40_get_admin_users_list" time="0.214" /><testcase classname="backend.tests.test_admin_controls_phase2.TestAdminControlsPhase2" name="test_41_get_admin_merchants_list" time="0.319" /><testcase classname="backend.tests.test_admin_controls_phase2.TestAdminControlsPhase2" name="test_50_unauthorized_client_control" time="0.116" /><testcase classname="backend.tests.test_admin_controls_phase2.TestAdminControlsPhase2" name="test_51_unauthorized_merchant_control" time="0.479" /><testcase classname="backend.tests.test_admin_controls_phase2.TestAdminControlsPhase2" name="test_52_unauthorized_action_logs" time="0.648" /></testsuite></testsuites>