<?xml version="1.0" encoding="utf-8"?><testsuites name="pytest tests"><testsuite name="pytest" errors="0" failures="0" skipped="0" tests="13" time="9.149" timestamp="2026-03-08T22:00:39.239182+00:00" hostname="agent-env-c8c47970-3296-4a36-b063-6bc2a32e2d80"><testcase classname="tests.test_bank_withdrawal_feature.TestPublicBanksEndpoint" name="test_get_bank_list_success" time="0.336" /><testcase classname="tests.test_bank_withdrawal_feature.TestPublicBanksEndpoint" name="test_bank_list_contains_major_banks" time="0.229" /><testcase classname="tests.test_bank_withdrawal_feature.TestMerchantBankVerification" name="test_verify_bank_account_unauthenticated" time="0.779" /><testcase classname="tests.test_bank_withdrawal_feature.TestMerchantBankVerification" name="test_verify_bank_account_missing_params" time="0.441" /><testcase classname="tests.test_bank_withdrawal_feature.TestMerchantBankVerification" name="test_verify_bank_account_with_invalid_number" time="4.039" /><testcase classname="tests.test_bank_withdrawal_feature.TestMerchantPayoutSettings" name="test_get_payout_info" time="0.485" /><testcase classname="tests.test_bank_withdrawal_feature.TestMerchantPayoutSettings" name="test_update_bank_info" time="0.697" /><testcase classname="tests.test_bank_withdrawal_feature.TestMerchantPayoutSettings" name="test_update_payment_info_with_bank_fields" time="0.495" /><testcase classname="tests.test_bank_withdrawal_feature.TestMerchantPayoutSettings" name="test_preferred_payout_method_validation" time="0.702" /><testcase classname="tests.test_bank_withdrawal_feature.TestMerchantDashboardBankData" name="test_merchant_me_includes_bank_fields" time="0.441" /><testcase classname="tests.test_bank_withdrawal_feature.TestBankTransferServiceIntegration" name="test_banks_list_endpoint_available" time="0.230" /><testcase classname="tests.test_bank_withdrawal_feature.TestHealthCheck" name="test_api_health" time="0.103" /><testcase classname="tests.test_bank_withdrawal_feature.TestHealthCheck" name="test_frontend_accessible" time="0.107" /></testsuite></testsuites>