<?xml version="1.0" encoding="utf-8"?><testsuites name="pytest tests"><testsuite name="pytest" errors="0" failures="6" skipped="0" tests="19" time="4.761" timestamp="2026-03-01T23:57:04.683781+00:00" hostname="agent-env-c8c47970-3296-4a36-b063-6bc2a32e2d80"><testcase classname="backend.tests.test_bulkclix_services.TestServiceEndpoints" name="test_get_service_balance" time="0.445" /><testcase classname="backend.tests.test_bulkclix_services.TestServiceEndpoints" name="test_service_balance_requires_auth" time="0.120" /><testcase classname="backend.tests.test_bulkclix_services.TestServiceEndpoints" name="test_get_data_bundles" time="0.149" /><testcase classname="backend.tests.test_bulkclix_services.TestServiceEndpoints" name="test_get_data_bundles_filter_by_network" time="0.156" /><testcase classname="backend.tests.test_bulkclix_services.TestServiceEndpoints" name="test_buy_airtime_simulation" time="0.432" /><testcase classname="backend.tests.test_bulkclix_services.TestServiceEndpoints" name="test_buy_airtime_auto_detect_network" time="0.227"><failure message="AssertionError: assert 'DUPLICATE' == 'SUCCESS'&#10;  &#10;  - SUCCESS&#10;  + DUPLICATE">backend/tests/test_bulkclix_services.py:169: in test_buy_airtime_auto_detect_network
    assert data["status"] == "SUCCESS"
E   AssertionError: assert 'DUPLICATE' == 'SUCCESS'
E     
E     - SUCCESS
E     + DUPLICATE</failure></testcase><testcase classname="backend.tests.test_bulkclix_services.TestServiceEndpoints" name="test_buy_airtime_insufficient_balance" time="0.123" /><testcase classname="backend.tests.test_bulkclix_services.TestServiceEndpoints" name="test_buy_data_bundle_simulation" time="0.360"><failure message="AssertionError: Expected SUCCESS, got DUPLICATE&#10;assert 'DUPLICATE' == 'SUCCESS'&#10;  &#10;  - SUCCESS&#10;  + DUPLICATE">backend/tests/test_bulkclix_services.py:215: in test_buy_data_bundle_simulation
    assert data["status"] == "SUCCESS", f"Expected SUCCESS, got {data['status']}"
E   AssertionError: Expected SUCCESS, got DUPLICATE
E   assert 'DUPLICATE' == 'SUCCESS'
E     
E     - SUCCESS
E     + DUPLICATE</failure></testcase><testcase classname="backend.tests.test_bulkclix_services.TestServiceEndpoints" name="test_buy_data_invalid_bundle" time="0.121" /><testcase classname="backend.tests.test_bulkclix_services.TestServiceEndpoints" name="test_pay_bill_ecg_simulation" time="0.254"><failure message="AssertionError: assert 'DUPLICATE' == 'SUCCESS'&#10;  &#10;  - SUCCESS&#10;  + DUPLICATE">backend/tests/test_bulkclix_services.py:254: in test_pay_bill_ecg_simulation
    assert data["status"] == "SUCCESS"
E   AssertionError: assert 'DUPLICATE' == 'SUCCESS'
E     
E     - SUCCESS
E     + DUPLICATE</failure></testcase><testcase classname="backend.tests.test_bulkclix_services.TestServiceEndpoints" name="test_pay_bill_invalid_provider" time="0.145" /><testcase classname="backend.tests.test_bulkclix_services.TestServiceEndpoints" name="test_pay_bill_all_providers" time="0.276"><failure message="AssertionError: ECG status should be SUCCESS&#10;assert 'DUPLICATE' == 'SUCCESS'&#10;  &#10;  - SUCCESS&#10;  + DUPLICATE">backend/tests/test_bulkclix_services.py:295: in test_pay_bill_all_providers
    assert data["status"] == "SUCCESS", f"{provider} status should be SUCCESS"
E   AssertionError: ECG status should be SUCCESS
E   assert 'DUPLICATE' == 'SUCCESS'
E     
E     - SUCCESS
E     + DUPLICATE</failure></testcase><testcase classname="backend.tests.test_bulkclix_services.TestServiceEndpoints" name="test_momo_withdrawal_simulation" time="0.241"><failure message="AssertionError: assert 'DUPLICATE' == 'SUCCESS'&#10;  &#10;  - SUCCESS&#10;  + DUPLICATE">backend/tests/test_bulkclix_services.py:320: in test_momo_withdrawal_simulation
    assert data["status"] == "SUCCESS"
E   AssertionError: assert 'DUPLICATE' == 'SUCCESS'
E     
E     - SUCCESS
E     + DUPLICATE</failure></testcase><testcase classname="backend.tests.test_bulkclix_services.TestServiceEndpoints" name="test_momo_withdrawal_amount_too_small" time="0.116" /><testcase classname="backend.tests.test_bulkclix_services.TestServiceEndpoints" name="test_get_service_history" time="0.125" /><testcase classname="backend.tests.test_bulkclix_services.TestServiceEndpoints" name="test_get_service_history_filter_by_type" time="0.127" /><testcase classname="backend.tests.test_bulkclix_services.TestServiceEndpoints" name="test_service_history_requires_auth" time="0.116" /><testcase classname="backend.tests.test_bulkclix_services.TestServiceIntegration" name="test_service_deducts_balance" time="0.734" /><testcase classname="backend.tests.test_bulkclix_services.TestServiceIntegration" name="test_service_appears_in_history" time="0.345"><failure message="KeyError: 'reference'">backend/tests/test_bulkclix_services.py:469: in test_service_appears_in_history
    tx_reference = response.json()["reference"]
                   ^^^^^^^^^^^^^^^^^^^^^^^^^^^^
E   KeyError: 'reference'</failure></testcase></testsuite></testsuites>