<?xml version="1.0" encoding="utf-8"?><testsuites name="pytest tests"><testsuite name="pytest" errors="0" failures="3" skipped="0" tests="19" time="6.218" timestamp="2026-03-01T23:55:58.671596+00:00" hostname="agent-env-c8c47970-3296-4a36-b063-6bc2a32e2d80"><testcase classname="backend.tests.test_bulkclix_services.TestServiceEndpoints" name="test_get_service_balance" time="0.503" /><testcase classname="backend.tests.test_bulkclix_services.TestServiceEndpoints" name="test_service_balance_requires_auth" time="0.301" /><testcase classname="backend.tests.test_bulkclix_services.TestServiceEndpoints" name="test_get_data_bundles" time="0.109" /><testcase classname="backend.tests.test_bulkclix_services.TestServiceEndpoints" name="test_get_data_bundles_filter_by_network" time="0.152" /><testcase classname="backend.tests.test_bulkclix_services.TestServiceEndpoints" name="test_buy_airtime_simulation" time="0.462"><failure message="AssertionError: Expected simulated mode&#10;assert False&#10; +  where False = &lt;built-in method get of dict object at 0xfa134012bf80&gt;('simulated', True)&#10; +    where &lt;built-in method get of dict object at 0xfa134012bf80&gt; = {'amount': 1.0, 'commission': 0.0, 'net_amount': 1.0, 'network': 'MTN', ...}.get">backend/tests/test_bulkclix_services.py:140: in test_buy_airtime_simulation
    assert data.get("simulated", True), "Expected simulated mode"
E   AssertionError: Expected simulated mode
E   assert False
E    +  where False = &lt;built-in method get of dict object at 0xfa134012bf80&gt;('simulated', True)
E    +    where &lt;built-in method get of dict object at 0xfa134012bf80&gt; = {'amount': 1.0, 'commission': 0.0, 'net_amount': 1.0, 'network': 'MTN', ...}.get</failure></testcase><testcase classname="backend.tests.test_bulkclix_services.TestServiceEndpoints" name="test_buy_airtime_auto_detect_network" time="0.366" /><testcase classname="backend.tests.test_bulkclix_services.TestServiceEndpoints" name="test_buy_airtime_insufficient_balance" time="0.111"><failure message="assert ('insufficient' in '{&quot;detail&quot;:&quot;monthly limit exceeded. remaining: ghs 2448.00&quot;}' or 'balance' in '{&quot;detail&quot;:&quot;monthly limit exceeded. remaining: ghs 2448.00&quot;}')&#10; +  where '{&quot;detail&quot;:&quot;monthly limit exceeded. remaining: ghs 2448.00&quot;}' = &lt;built-in method lower of str object at 0xfa1340076790&gt;()&#10; +    where &lt;built-in method lower of str object at 0xfa1340076790&gt; = '{&quot;detail&quot;:&quot;Monthly limit exceeded. Remaining: GHS 2448.00&quot;}'.lower&#10; +      where '{&quot;detail&quot;:&quot;Monthly limit exceeded. Remaining: GHS 2448.00&quot;}' = &lt;Response [400]&gt;.text&#10; +  and   '{&quot;detail&quot;:&quot;monthly limit exceeded. remaining: ghs 2448.00&quot;}' = &lt;built-in method lower of str object at 0xfa13400766b0&gt;()&#10; +    where &lt;built-in method lower of str object at 0xfa13400766b0&gt; = '{&quot;detail&quot;:&quot;Monthly limit exceeded. Remaining: GHS 2448.00&quot;}'.lower&#10; +      where '{&quot;detail&quot;:&quot;Monthly limit exceeded. Remaining: GHS 2448.00&quot;}' = &lt;Response [400]&gt;.text">backend/tests/test_bulkclix_services.py:175: in test_buy_airtime_insufficient_balance
    assert "insufficient" in response.text.lower() or "balance" in response.text.lower()
E   assert ('insufficient' in '{"detail":"monthly limit exceeded. remaining: ghs 2448.00"}' or 'balance' in '{"detail":"monthly limit exceeded. remaining: ghs 2448.00"}')
E    +  where '{"detail":"monthly limit exceeded. remaining: ghs 2448.00"}' = &lt;built-in method lower of str object at 0xfa1340076790&gt;()
E    +    where &lt;built-in method lower of str object at 0xfa1340076790&gt; = '{"detail":"Monthly limit exceeded. Remaining: GHS 2448.00"}'.lower
E    +      where '{"detail":"Monthly limit exceeded. Remaining: GHS 2448.00"}' = &lt;Response [400]&gt;.text
E    +  and   '{"detail":"monthly limit exceeded. remaining: ghs 2448.00"}' = &lt;built-in method lower of str object at 0xfa13400766b0&gt;()
E    +    where &lt;built-in method lower of str object at 0xfa13400766b0&gt; = '{"detail":"Monthly limit exceeded. Remaining: GHS 2448.00"}'.lower
E    +      where '{"detail":"Monthly limit exceeded. Remaining: GHS 2448.00"}' = &lt;Response [400]&gt;.text</failure></testcase><testcase classname="backend.tests.test_bulkclix_services.TestServiceEndpoints" name="test_buy_data_bundle_simulation" time="0.454" /><testcase classname="backend.tests.test_bulkclix_services.TestServiceEndpoints" name="test_buy_data_invalid_bundle" time="0.103" /><testcase classname="backend.tests.test_bulkclix_services.TestServiceEndpoints" name="test_pay_bill_ecg_simulation" time="0.340" /><testcase classname="backend.tests.test_bulkclix_services.TestServiceEndpoints" name="test_pay_bill_invalid_provider" time="0.157" /><testcase classname="backend.tests.test_bulkclix_services.TestServiceEndpoints" name="test_pay_bill_all_providers" time="0.950" /><testcase classname="backend.tests.test_bulkclix_services.TestServiceEndpoints" name="test_momo_withdrawal_simulation" time="0.333" /><testcase classname="backend.tests.test_bulkclix_services.TestServiceEndpoints" name="test_momo_withdrawal_amount_too_small" time="0.113" /><testcase classname="backend.tests.test_bulkclix_services.TestServiceEndpoints" name="test_get_service_history" time="0.113" /><testcase classname="backend.tests.test_bulkclix_services.TestServiceEndpoints" name="test_get_service_history_filter_by_type" time="0.110" /><testcase classname="backend.tests.test_bulkclix_services.TestServiceEndpoints" name="test_service_history_requires_auth" time="0.113" /><testcase classname="backend.tests.test_bulkclix_services.TestServiceIntegration" name="test_service_deducts_balance" time="0.689"><failure message="AssertionError: Balance should decrease. Before: 20.5, After: 20.5&#10;assert 20.5 &lt; 20.5">backend/tests/test_bulkclix_services.py:422: in test_service_deducts_balance
    assert final &lt; initial, f"Balance should decrease. Before: {initial}, After: {final}"
E   AssertionError: Balance should decrease. Before: 20.5, After: 20.5
E   assert 20.5 &lt; 20.5</failure></testcase><testcase classname="backend.tests.test_bulkclix_services.TestServiceIntegration" name="test_service_appears_in_history" time="0.608" /></testsuite></testsuites>