<?xml version="1.0" encoding="utf-8"?><testsuites name="pytest tests"><testsuite name="pytest" errors="0" failures="0" skipped="0" tests="13" time="8.772" timestamp="2026-03-19T11:10:20.029848+00:00" hostname="agent-env-c8c47970-3296-4a36-b063-6bc2a32e2d80"><testcase classname="tests.test_callback_performance.TestCallbackPerformance" name="test_hubtel_callback_response_time" time="0.232" /><testcase classname="tests.test_callback_performance.TestCallbackPerformance" name="test_hubtel_callback_fast_response_multiple_calls" time="0.698" /><testcase classname="tests.test_callback_performance.TestCallbackLogging" name="test_callback_logged_to_database" time="0.764" /><testcase classname="tests.test_callback_performance.TestCallbackLogging" name="test_callback_logs_contain_source_ip" time="0.759" /><testcase classname="tests.test_callback_performance.TestAdminCallbackLogs" name="test_admin_callback_logs_returns_logs" time="0.125" /><testcase classname="tests.test_callback_performance.TestAdminCallbackLogs" name="test_admin_callback_logs_requires_secret" time="0.278" /><testcase classname="tests.test_callback_performance.TestAdminCallbackLogs" name="test_admin_callback_logs_limit_parameter" time="0.121" /><testcase classname="tests.test_callback_performance.TestAdminPaymentDebug" name="test_admin_payment_debug_endpoint_exists" time="0.124" /><testcase classname="tests.test_callback_performance.TestAdminPaymentDebug" name="test_admin_payment_debug_requires_secret" time="0.100" /><testcase classname="tests.test_callback_performance.TestAdminPaymentDebug" name="test_admin_payment_debug_shows_callback_logs" time="0.735" /><testcase classname="tests.test_callback_performance.TestBackgroundProcessing" name="test_callback_processed_flag_updated" time="2.251" /><testcase classname="tests.test_callback_performance.TestBackgroundProcessing" name="test_callback_error_logged_for_missing_payment" time="2.276" /><testcase classname="tests.test_callback_performance.TestDebugCallbackTest" name="test_debug_callback_test_endpoint" time="0.117" /></testsuite></testsuites>