<?xml version="1.0" encoding="utf-8"?><testsuites name="pytest tests"><testsuite name="pytest" errors="0" failures="0" skipped="0" tests="12" time="4.237" timestamp="2026-03-05T01:53:49.739451+00:00" hostname="agent-env-c8c47970-3296-4a36-b063-6bc2a32e2d80"><testcase classname="backend.tests.test_card_validity.TestCardAvailableEndpoints" name="test_public_card_types_has_duration" time="0.153" /><testcase classname="backend.tests.test_card_validity.TestCardAvailableEndpoints" name="test_available_cards_has_duration" time="0.129" /><testcase classname="backend.tests.test_card_validity.TestCardAvailableEndpoints" name="test_diamond_custom_card_exists" time="0.109" /><testcase classname="backend.tests.test_card_validity.TestClientCardValidity" name="test_my_card_returns_validity_info" time="0.474" /><testcase classname="backend.tests.test_card_validity.TestClientCardValidity" name="test_card_status_quick_check" time="0.450" /><testcase classname="backend.tests.test_card_validity.TestClientCardValidity" name="test_validity_dates_format" time="0.442" /><testcase classname="backend.tests.test_card_validity.TestAdminClientCardValidity" name="test_admin_get_client_has_card_validity" time="0.569" /><testcase classname="backend.tests.test_card_validity.TestAdminClientCardValidity" name="test_admin_client_has_card_dates" time="0.571" /><testcase classname="backend.tests.test_card_validity.TestCardDurationLabel" name="test_duration_label_2_years" time="0.160" /><testcase classname="backend.tests.test_card_validity.TestCardDurationLabel" name="test_duration_label_1_year" time="0.114" /><testcase classname="backend.tests.test_card_validity.TestDaysRemainingCalculation" name="test_days_remaining_accuracy" time="0.478" /><testcase classname="backend.tests.test_card_validity.TestDaysRemainingCalculation" name="test_days_used_plus_remaining_equals_total" time="0.448" /></testsuite></testsuites>