<?xml version="1.0" encoding="utf-8"?><testsuites name="pytest tests"><testsuite name="pytest" errors="0" failures="0" skipped="0" tests="14" time="1.694" timestamp="2026-03-07T14:03:25.621882+00:00" hostname="agent-env-c8c47970-3296-4a36-b063-6bc2a32e2d80"><testcase classname="backend.tests.test_card_upgrade_services.TestCardUpgradeBackendAPI" name="test_01_health_check" time="0.148" /><testcase classname="backend.tests.test_card_upgrade_services.TestCardUpgradeBackendAPI" name="test_02_get_available_cards" time="0.063" /><testcase classname="backend.tests.test_card_upgrade_services.TestCardUpgradeBackendAPI" name="test_03_get_public_card_types" time="0.073" /><testcase classname="backend.tests.test_card_upgrade_services.TestCardUpgradeBackendAPI" name="test_04_get_service_fees" time="0.056" /><testcase classname="backend.tests.test_card_upgrade_services.TestCardUpgradeBackendAPI" name="test_05_login_test_client" time="0.296" /><testcase classname="backend.tests.test_card_upgrade_services.TestCardUpgradeBackendAPI" name="test_06_get_client_dashboard" time="0.075" /><testcase classname="backend.tests.test_card_upgrade_services.TestCardUpgradeBackendAPI" name="test_07_upgrade_cannot_downgrade" time="0.071" /><testcase classname="backend.tests.test_card_upgrade_services.TestCardUpgradeBackendAPI" name="test_08_upgrade_requires_phone_for_momo" time="0.053" /><testcase classname="backend.tests.test_card_upgrade_services.TestCardUpgradeBackendAPI" name="test_09_upgrade_with_momo_payment" time="0.056" /><testcase classname="backend.tests.test_card_upgrade_services.TestCardUpgradeBackendAPI" name="test_10_confirm_upgrade_payment" time="0.074" /><testcase classname="backend.tests.test_card_upgrade_services.TestCardUpgradeBackendAPI" name="test_11_verify_upgraded_card" time="0.083" /><testcase classname="backend.tests.test_card_upgrade_services.TestUpgradeWithCashback" name="test_01_upgrade_with_partial_cashback" time="0.342" /><testcase classname="backend.tests.test_card_upgrade_services.TestServicesEndpoints" name="test_01_services_fees_endpoint" time="0.117" /><testcase classname="backend.tests.test_card_upgrade_services.TestServicesEndpoints" name="test_02_available_cards_has_required_fields" time="0.120" /></testsuite></testsuites>