<?xml version="1.0" encoding="utf-8"?><testsuites name="pytest tests"><testsuite name="pytest" errors="0" failures="0" skipped="0" tests="11" time="4.078" timestamp="2026-03-10T15:26:27.174681+00:00" hostname="agent-env-c8c47970-3296-4a36-b063-6bc2a32e2d80"><testcase classname="backend.tests.test_cash_payment_debit_account.TestCashPaymentDebitAccountFeature" name="test_merchant_get_debit_account" time="0.466" /><testcase classname="backend.tests.test_cash_payment_debit_account.TestCashPaymentDebitAccountFeature" name="test_merchant_search_customer_by_phone" time="0.054" /><testcase classname="backend.tests.test_cash_payment_debit_account.TestCashPaymentDebitAccountFeature" name="test_merchant_search_customer_too_short_query" time="0.064" /><testcase classname="backend.tests.test_cash_payment_debit_account.TestCashPaymentDebitAccountFeature" name="test_merchant_search_customer_not_found" time="0.059" /><testcase classname="backend.tests.test_cash_payment_debit_account.TestCashPaymentDebitAccountFeature" name="test_admin_get_merchants_debit_overview" time="0.368" /><testcase classname="backend.tests.test_cash_payment_debit_account.TestCashPaymentDebitAccountFeature" name="test_admin_set_merchant_debit_settings" time="0.693" /><testcase classname="backend.tests.test_cash_payment_debit_account.TestCashPaymentDebitAccountFeature" name="test_admin_get_specific_merchant_debit_account" time="0.135" /><testcase classname="backend.tests.test_cash_payment_debit_account.TestCashPaymentDebitAccountFeature" name="test_cash_transaction_requires_customer" time="0.051" /><testcase classname="backend.tests.test_cash_payment_debit_account.TestCashPaymentDebitAccountFeature" name="test_cash_transaction_requires_valid_amount" time="0.058" /><testcase classname="backend.tests.test_cash_payment_debit_account.TestCashPaymentDebitAccountFeature" name="test_merchant_get_debit_history" time="0.070" /><testcase classname="backend.tests.test_cash_payment_debit_account.TestCashPaymentFlow" name="test_e2e_cash_payment_flow" time="2.002" /></testsuite></testsuites>