<?xml version="1.0" encoding="utf-8"?><testsuites name="pytest tests"><testsuite name="pytest" errors="0" failures="3" skipped="8" tests="15" time="8.348" timestamp="2026-03-11T03:16:43.818174+00:00" hostname="agent-env-c8c47970-3296-4a36-b063-6bc2a32e2d80"><testcase classname="tests.test_cash_fraud_prevention.TestCashPaymentFraudPrevention" name="test_cash_payment_creates_pending_status" time="0.923" /><testcase classname="tests.test_cash_fraud_prevention.TestCashPaymentFraudPrevention" name="test_cashback_not_credited_immediately" time="0.777"><skipped type="pytest.skip" message="Client login failed">/app/backend/tests/test_cash_fraud_prevention.py:102: Client login failed</skipped></testcase><testcase classname="tests.test_cash_fraud_prevention.TestCashPaymentFraudPrevention" name="test_merchant_sees_pending_confirmations" time="0.716"><skipped type="pytest.skip" message="Merchant login failed">/app/backend/tests/test_cash_fraud_prevention.py:145: Merchant login failed</skipped></testcase><testcase classname="tests.test_cash_fraud_prevention.TestCashPaymentFraudPrevention" name="test_merchant_confirm_payment" time="0.811"><skipped type="pytest.skip" message="Login failed">/app/backend/tests/test_cash_fraud_prevention.py:167: Login failed</skipped></testcase><testcase classname="tests.test_cash_fraud_prevention.TestCashPaymentFraudPrevention" name="test_merchant_reject_payment" time="0.758"><skipped type="pytest.skip" message="Merchant login failed">/app/backend/tests/test_cash_fraud_prevention.py:221: Merchant login failed</skipped></testcase><testcase classname="tests.test_cash_fraud_prevention.TestCashPaymentFraudPrevention" name="test_max_pending_limit" time="1.079" /><testcase classname="tests.test_cash_fraud_prevention.TestCashPaymentFraudPrevention" name="test_client_sees_awaiting_status" time="0.748"><skipped type="pytest.skip" message="Client login failed">/app/backend/tests/test_cash_fraud_prevention.py:299: Client login failed</skipped></testcase><testcase classname="tests.test_cash_fraud_prevention.TestMerchantPendingConfirmationsAPI" name="test_pending_confirmations_endpoint" time="0.341"><skipped type="pytest.skip" message="Merchant login failed">/app/backend/tests/test_cash_fraud_prevention.py:338: Merchant login failed</skipped></testcase><testcase classname="tests.test_cash_fraud_prevention.TestMerchantPendingConfirmationsAPI" name="test_confirm_endpoint_requires_auth" time="0.492"><failure message="AssertionError: Should require authentication&#10;assert 422 == 401&#10; +  where 422 = &lt;Response [422]&gt;.status_code">tests/test_cash_fraud_prevention.py:364: in test_confirm_endpoint_requires_auth
    assert response.status_code == 401, "Should require authentication"
E   AssertionError: Should require authentication
E   assert 422 == 401
E    +  where 422 = &lt;Response [422]&gt;.status_code</failure></testcase><testcase classname="tests.test_cash_fraud_prevention.TestMerchantPendingConfirmationsAPI" name="test_reject_endpoint_requires_auth" time="0.458"><failure message="AssertionError: Should require authentication&#10;assert 422 == 401&#10; +  where 422 = &lt;Response [422]&gt;.status_code">tests/test_cash_fraud_prevention.py:370: in test_reject_endpoint_requires_auth
    assert response.status_code == 401, "Should require authentication"
E   AssertionError: Should require authentication
E   assert 422 == 401
E    +  where 422 = &lt;Response [422]&gt;.status_code</failure></testcase><testcase classname="tests.test_cash_fraud_prevention.TestMerchantPendingConfirmationsAPI" name="test_confirm_nonexistent_transaction" time="0.361"><skipped type="pytest.skip" message="Merchant login failed">/app/backend/tests/test_cash_fraud_prevention.py:376: Merchant login failed</skipped></testcase><testcase classname="tests.test_cash_fraud_prevention.TestMerchantPendingConfirmationsAPI" name="test_reject_nonexistent_transaction" time="0.347"><skipped type="pytest.skip" message="Merchant login failed">/app/backend/tests/test_cash_fraud_prevention.py:390: Merchant login failed</skipped></testcase><testcase classname="tests.test_cash_fraud_prevention.TestCashPaymentEndpointValidation" name="test_minimum_amount" time="0.115" /><testcase classname="tests.test_cash_fraud_prevention.TestCashPaymentEndpointValidation" name="test_invalid_merchant_qr" time="0.112"><failure message="AssertionError: Should return 404 for invalid merchant, got 400&#10;assert 400 == 404&#10; +  where 400 = &lt;Response [400]&gt;.status_code">tests/test_cash_fraud_prevention.py:422: in test_invalid_merchant_qr
    assert response.status_code == 404, f"Should return 404 for invalid merchant, got {response.status_code}"
E   AssertionError: Should return 404 for invalid merchant, got 400
E   assert 400 == 404
E    +  where 400 = &lt;Response [400]&gt;.status_code</failure></testcase><testcase classname="tests.test_cash_fraud_prevention.TestCashPaymentEndpointValidation" name="test_invalid_client_phone" time="0.169" /></testsuite></testsuites>