<?xml version="1.0" encoding="utf-8"?><testsuites name="pytest tests"><testsuite name="pytest" errors="0" failures="0" skipped="3" tests="9" time="5.863" timestamp="2026-03-10T17:11:46.415683+00:00" hostname="agent-env-c8c47970-3296-4a36-b063-6bc2a32e2d80"><testcase classname="tests.test_client_cash_payment.TestClientCashPayment" name="test_cash_payment_endpoint_exists" time="0.590" /><testcase classname="tests.test_client_cash_payment.TestClientCashPayment" name="test_successful_cash_payment" time="0.608" /><testcase classname="tests.test_client_cash_payment.TestClientCashPayment" name="test_minimum_amount_validation" time="0.538" /><testcase classname="tests.test_client_cash_payment.TestClientCashPayment" name="test_invalid_merchant_qr" time="0.530" /><testcase classname="tests.test_client_cash_payment.TestClientCashPayment" name="test_transaction_in_client_history" time="0.376"><skipped type="pytest.skip" message="Client login failed">/app/backend/tests/test_client_cash_payment.py:127: Client login failed</skipped></testcase><testcase classname="tests.test_client_cash_payment.TestClientCashPayment" name="test_transaction_in_merchant_history" time="0.780"><skipped type="pytest.skip" message="Merchant login failed">/app/backend/tests/test_client_cash_payment.py:165: Merchant login failed</skipped></testcase><testcase classname="tests.test_client_cash_payment.TestClientCashPayment" name="test_merchant_debit_account_updated" time="0.746"><skipped type="pytest.skip" message="Merchant login failed">/app/backend/tests/test_client_cash_payment.py:213: Merchant login failed</skipped></testcase><testcase classname="tests.test_client_cash_payment.TestMerchantPayModalAPI" name="test_merchant_lookup_by_qr" time="0.112" /><testcase classname="tests.test_client_cash_payment.TestMerchantPayModalAPI" name="test_payment_method_options" time="1.474" /></testsuite></testsuites>