<?xml version="1.0" encoding="utf-8"?><testsuites name="pytest tests"><testsuite name="pytest" errors="0" failures="0" skipped="0" tests="15" time="4.017" timestamp="2026-03-08T20:44:54.632741+00:00" hostname="agent-env-c8c47970-3296-4a36-b063-6bc2a32e2d80"><testcase classname="tests.test_data_bundles_payout_services.TestHealthAndBasics" name="test_api_health" time="0.128" /><testcase classname="tests.test_data_bundles_payout_services.TestClientAuthentication" name="test_client_login_success" time="0.348" /><testcase classname="tests.test_data_bundles_payout_services.TestClientAuthentication" name="test_client_dashboard_access" time="0.469" /><testcase classname="tests.test_data_bundles_payout_services.TestDataBundleService" name="test_get_data_services_list" time="0.106" /><testcase classname="tests.test_data_bundles_payout_services.TestDataBundleService" name="test_fetch_mtn_bundles_real_api" time="0.250" /><testcase classname="tests.test_data_bundles_payout_services.TestDataBundleService" name="test_bundle_cost_calculation" time="0.109" /><testcase classname="tests.test_data_bundles_payout_services.TestMerchantAutoPayout" name="test_admin_login" time="0.330" /><testcase classname="tests.test_data_bundles_payout_services.TestMerchantAutoPayout" name="test_verify_completed_payouts_exist" time="0.000" /><testcase classname="tests.test_data_bundles_payout_services.TestServicesPageAPIs" name="test_get_service_fees" time="0.455" /><testcase classname="tests.test_data_bundles_payout_services.TestServicesPageAPIs" name="test_get_service_balance" time="0.463" /><testcase classname="tests.test_data_bundles_payout_services.TestServicesPageAPIs" name="test_get_public_card_types" time="0.473" /><testcase classname="tests.test_data_bundles_payout_services.TestServicesPageAPIs" name="test_get_service_history" time="0.449" /><testcase classname="tests.test_data_bundles_payout_services.TestAirtimeService" name="test_airtime_requires_auth" time="0.110" /><testcase classname="tests.test_data_bundles_payout_services.TestECGService" name="test_ecg_requires_auth" time="0.114" /><testcase classname="tests.test_data_bundles_payout_services.TestWithdrawalService" name="test_withdrawal_requires_auth" time="0.143" /></testsuite></testsuites>