<?xml version="1.0" encoding="utf-8"?><testsuites name="pytest tests"><testsuite name="pytest" errors="0" failures="0" skipped="0" tests="12" time="7.522" timestamp="2026-03-01T19:48:38.378326+00:00" hostname="agent-env-c8c47970-3296-4a36-b063-6bc2a32e2d80"><testcase classname="backend.tests.test_direct_payment_fintech.TestDirectPaymentFintech" name="test_get_sdm_config" time="0.485" /><testcase classname="backend.tests.test_direct_payment_fintech.TestDirectPaymentFintech" name="test_update_sdm_config" time="0.594" /><testcase classname="backend.tests.test_direct_payment_fintech.TestDirectPaymentFintech" name="test_float_status_endpoint" time="0.425" /><testcase classname="backend.tests.test_direct_payment_fintech.TestDirectPaymentFintech" name="test_investor_dashboard_endpoint" time="0.422" /><testcase classname="backend.tests.test_direct_payment_fintech.TestDirectPaymentFintech" name="test_wallets_list_all_types" time="0.387" /><testcase classname="backend.tests.test_direct_payment_fintech.TestDirectPaymentFintech" name="test_wallets_filter_by_type" time="0.382" /><testcase classname="backend.tests.test_direct_payment_fintech.TestDirectPaymentFintech" name="test_ledger_transactions_list" time="0.385" /><testcase classname="backend.tests.test_direct_payment_fintech.TestDirectPaymentFintech" name="test_direct_payment_transaction_flow" time="0.777" /><testcase classname="backend.tests.test_direct_payment_fintech.TestDirectPaymentFintech" name="test_merchant_wallet_after_transaction" time="0.747" /><testcase classname="backend.tests.test_direct_payment_fintech.TestDirectPaymentFintech" name="test_sdm_commission_credited" time="1.542" /><testcase classname="backend.tests.test_direct_payment_fintech.TestDirectPaymentFintech" name="test_fintech_summary_endpoint" time="0.456" /><testcase classname="backend.tests.test_direct_payment_fintech.TestDirectPaymentFintech" name="test_config_affects_new_transactions" time="0.828" /></testsuite></testsuites>