<?xml version="1.0" encoding="utf-8"?><testsuites name="pytest tests"><testsuite name="pytest" errors="0" failures="0" skipped="0" tests="9" time="4.410" timestamp="2026-03-25T21:03:14.115922+00:00" hostname="agent-env-c8c47970-3296-4a36-b063-6bc2a32e2d80"><testcase classname="tests.test_english_translation.TestHealthCheck" name="test_health_endpoint" time="0.265" /><testcase classname="tests.test_english_translation.TestMerchantDashboardEnglish" name="test_period_label_day_is_english" time="0.511" /><testcase classname="tests.test_english_translation.TestMerchantDashboardEnglish" name="test_period_label_week_is_english" time="0.535" /><testcase classname="tests.test_english_translation.TestMerchantDashboardEnglish" name="test_period_label_month_is_english" time="0.502" /><testcase classname="tests.test_english_translation.TestMerchantDashboardEnglish" name="test_period_label_year_is_english" time="0.528" /><testcase classname="tests.test_english_translation.TestMerchantDashboardEnglish" name="test_no_french_period_labels" time="0.835" /><testcase classname="tests.test_english_translation.TestLegacyRoutesEnglish" name="test_legacy_stats_period_label_english" time="0.825" /><testcase classname="tests.test_english_translation.TestLanguageAPI" name="test_translations_endpoint_english" time="0.112" /><testcase classname="tests.test_english_translation.TestLanguageAPI" name="test_language_detection" time="0.113" /></testsuite></testsuites>