<?xml version="1.0" encoding="utf-8"?><testsuites name="pytest tests"><testsuite name="pytest" errors="0" failures="0" skipped="0" tests="15" time="6.441" timestamp="2026-03-01T18:31:45.961385+00:00" hostname="agent-env-c8c47970-3296-4a36-b063-6bc2a32e2d80"><testcase classname="backend.tests.test_fintech_ledger.TestAdminFintechSummary" name="test_get_fintech_summary" time="0.675" /><testcase classname="backend.tests.test_fintech_ledger.TestAdminFintechSummary" name="test_fintech_summary_requires_auth" time="0.107" /><testcase classname="backend.tests.test_fintech_ledger.TestAdminFintechWallets" name="test_get_all_wallets" time="0.477" /><testcase classname="backend.tests.test_fintech_ledger.TestAdminFintechWallets" name="test_filter_wallets_by_entity_type" time="0.612" /><testcase classname="backend.tests.test_fintech_ledger.TestAdminFintechTransactions" name="test_get_ledger_transactions" time="0.485" /><testcase classname="backend.tests.test_fintech_ledger.TestAdminFintechTransactions" name="test_filter_transactions_by_type" time="0.117" /><testcase classname="backend.tests.test_fintech_ledger.TestAdminFintechWithdrawals" name="test_get_withdrawals" time="0.457" /><testcase classname="backend.tests.test_fintech_ledger.TestAdminFintechWithdrawals" name="test_filter_withdrawals_by_status" time="0.118" /><testcase classname="backend.tests.test_fintech_ledger.TestAdminFintechDeposits" name="test_get_deposits" time="0.486" /><testcase classname="backend.tests.test_fintech_ledger.TestAdminAuditLogs" name="test_get_audit_logs" time="0.532" /><testcase classname="backend.tests.test_fintech_ledger.TestMerchantFintechWallet" name="test_get_merchant_wallet" time="0.270" /><testcase classname="backend.tests.test_fintech_ledger.TestMerchantDeposit" name="test_create_merchant_deposit" time="1.072" /><testcase classname="backend.tests.test_fintech_ledger.TestMerchantDeposit" name="test_get_merchant_deposits" time="0.107" /><testcase classname="backend.tests.test_fintech_ledger.TestProcessPendingCashback" name="test_process_pending_cashback" time="0.478" /><testcase classname="backend.tests.test_fintech_ledger.TestUserFintechWallet" name="test_get_user_wallet" time="0.347" /></testsuite></testsuites>