<?xml version="1.0" encoding="utf-8"?><testsuites name="pytest tests"><testsuite name="pytest" errors="0" failures="0" skipped="0" tests="14" time="5.510" timestamp="2026-03-28T11:55:38.386257+00:00" hostname="agent-env-c8c47970-3296-4a36-b063-6bc2a32e2d80"><testcase classname="tests.test_hubtel_checkout_payments.TestCardPurchaseInitiate" name="test_initiate_card_purchase_invalid_card_type" time="0.198" /><testcase classname="tests.test_hubtel_checkout_payments.TestCardPurchaseInitiate" name="test_initiate_card_purchase_client_not_found" time="0.107" /><testcase classname="tests.test_hubtel_checkout_payments.TestCardPurchaseInitiate" name="test_initiate_card_purchase_already_active" time="0.100" /><testcase classname="tests.test_hubtel_checkout_payments.TestCardUpgradeInitiate" name="test_initiate_card_upgrade_returns_success" time="0.881" /><testcase classname="tests.test_hubtel_checkout_payments.TestCardUpgradeInitiate" name="test_initiate_card_upgrade_to_platinum" time="0.783" /><testcase classname="tests.test_hubtel_checkout_payments.TestCardUpgradeInitiate" name="test_initiate_card_upgrade_invalid_downgrade" time="0.103" /><testcase classname="tests.test_hubtel_checkout_payments.TestCardUpgradeInitiate" name="test_initiate_card_upgrade_client_not_found" time="0.156" /><testcase classname="tests.test_hubtel_checkout_payments.TestVerifyCheckoutPayment" name="test_verify_checkout_not_found" time="0.118" /><testcase classname="tests.test_hubtel_checkout_payments.TestVerifyCheckoutPayment" name="test_verify_checkout_endpoint_exists" time="0.100" /><testcase classname="tests.test_hubtel_checkout_payments.TestVerifyCheckoutPayment" name="test_verify_checkout_after_upgrade_initiation" time="0.600" /><testcase classname="tests.test_hubtel_checkout_payments.TestUpgradePriceCalculation" name="test_silver_to_gold_upgrade_price" time="0.502" /><testcase classname="tests.test_hubtel_checkout_payments.TestUpgradePriceCalculation" name="test_silver_to_platinum_upgrade_price" time="0.479" /><testcase classname="tests.test_hubtel_checkout_payments.TestPaymentReferenceFormat" name="test_card_upgrade_reference_format" time="0.501" /><testcase classname="tests.test_hubtel_checkout_payments.TestCheckoutModeResponse" name="test_upgrade_response_has_checkout_fields" time="0.800" /></testsuite></testsuites>