<?xml version="1.0" encoding="utf-8"?><testsuites name="pytest tests"><testsuite name="pytest" errors="0" failures="0" skipped="0" tests="14" time="3.862" timestamp="2026-03-13T10:54:54.987402+00:00" hostname="agent-env-c8c47970-3296-4a36-b063-6bc2a32e2d80"><testcase classname="tests.test_integration_device_trust.TestIntegrationHealthCheck" name="test_health_check_returns_200" time="0.260" /><testcase classname="tests.test_integration_device_trust.TestIntegrationHealthCheck" name="test_health_check_response_structure" time="0.152" /><testcase classname="tests.test_integration_device_trust.TestAPIKeyRotation" name="test_rotate_keys_requires_auth" time="0.138" /><testcase classname="tests.test_integration_device_trust.TestAPIKeyRotation" name="test_rotate_keys_with_invalid_auth" time="0.160" /><testcase classname="tests.test_integration_device_trust.TestAdminLoginV2" name="test_admin_login_v2_endpoint_exists" time="0.161" /><testcase classname="tests.test_integration_device_trust.TestAdminLoginV2" name="test_admin_login_v2_with_device_info" time="0.109" /><testcase classname="tests.test_integration_device_trust.TestClientLoginV2" name="test_client_login_v2_endpoint_exists" time="0.353" /><testcase classname="tests.test_integration_device_trust.TestClientLoginV2" name="test_client_login_v2_with_device_info" time="0.348" /><testcase classname="tests.test_integration_device_trust.TestMerchantLoginV2" name="test_merchant_login_v2_endpoint_exists" time="0.370" /><testcase classname="tests.test_integration_device_trust.TestMerchantLoginV2" name="test_merchant_login_v2_with_device_info" time="0.345" /><testcase classname="tests.test_integration_device_trust.TestDeviceManagementEndpoints" name="test_list_devices_requires_auth" time="0.147" /><testcase classname="tests.test_integration_device_trust.TestDeviceManagementEndpoints" name="test_revoke_device_requires_auth" time="0.098" /><testcase classname="tests.test_integration_device_trust.TestDeviceManagementEndpoints" name="test_revoke_all_devices_requires_auth" time="0.108" /><testcase classname="tests.test_integration_device_trust.TestEndpointSummary" name="test_all_new_endpoints_summary" time="0.928" /></testsuite></testsuites>