<?xml version="1.0" encoding="utf-8"?><testsuites name="pytest tests"><testsuite name="pytest" errors="0" failures="0" skipped="0" tests="13" time="5.928" timestamp="2026-03-02T02:11:19.837382+00:00" hostname="agent-env-c8c47970-3296-4a36-b063-6bc2a32e2d80"><testcase classname="backend.tests.test_lottery_system.TestLotteryAdminEndpoints" name="test_get_lotteries" time="0.541" /><testcase classname="backend.tests.test_lottery_system.TestLotteryAdminEndpoints" name="test_get_lotteries_requires_auth" time="0.133" /><testcase classname="backend.tests.test_lottery_system.TestLotteryAdminEndpoints" name="test_create_lottery" time="0.135" /><testcase classname="backend.tests.test_lottery_system.TestLotteryAdminEndpoints" name="test_add_test_participants" time="0.125" /><testcase classname="backend.tests.test_lottery_system.TestLotteryAdminEndpoints" name="test_activate_lottery" time="0.109" /><testcase classname="backend.tests.test_lottery_system.TestLotteryAdminEndpoints" name="test_draw_lottery" time="0.128" /><testcase classname="backend.tests.test_lottery_system.TestLotteryAdminEndpoints" name="test_announce_lottery" time="2.427" /><testcase classname="backend.tests.test_lottery_system.TestLotteryAdminEndpoints" name="test_delete_draft_lottery" time="0.523" /><testcase classname="backend.tests.test_lottery_system.TestLotteryClientEndpoints" name="test_get_user_lotteries" time="0.988" /><testcase classname="backend.tests.test_lottery_system.TestLotteryClientEndpoints" name="test_get_user_lotteries_requires_auth" time="0.144" /><testcase classname="backend.tests.test_lottery_system.TestLotteryPublicEndpoints" name="test_get_public_results" time="0.155" /><testcase classname="backend.tests.test_lottery_system.TestLotteryExistingData" name="test_completed_march_lottery" time="0.130" /><testcase classname="backend.tests.test_lottery_system.TestLotteryExistingData" name="test_winner_receives_prize_in_wallet" time="0.325" /></testsuite></testsuites>