<?xml version="1.0" encoding="utf-8"?><testsuites name="pytest tests"><testsuite name="pytest" errors="0" failures="0" skipped="0" tests="9" time="4.553" timestamp="2026-03-03T02:26:49.433758+00:00" hostname="agent-env-c8c47970-3296-4a36-b063-6bc2a32e2d80"><testcase classname="backend.tests.test_merchant_dashboard.TestMerchantLogin" name="test_merchant_login_success" time="0.421" /><testcase classname="backend.tests.test_merchant_dashboard.TestMerchantLogin" name="test_merchant_login_invalid_password" time="0.369" /><testcase classname="backend.tests.test_merchant_dashboard.TestMerchantProfile" name="test_get_merchant_profile" time="0.468" /><testcase classname="backend.tests.test_merchant_dashboard.TestMerchantProfile" name="test_get_merchant_transactions" time="0.489" /><testcase classname="backend.tests.test_merchant_dashboard.TestMerchantProfile" name="test_get_merchant_report" time="0.476" /><testcase classname="backend.tests.test_merchant_dashboard.TestMerchantSettings" name="test_update_cashback_rate" time="0.880" /><testcase classname="backend.tests.test_merchant_dashboard.TestMerchantSettings" name="test_update_cashback_enabled" time="0.579" /><testcase classname="backend.tests.test_merchant_dashboard.TestMerchantSettings" name="test_cashback_rate_validation" time="0.467" /><testcase classname="backend.tests.test_merchant_dashboard.TestCashbackCalculation" name="test_cashback_preview_calculation" time="0.338" /></testsuite></testsuites>