<?xml version="1.0" encoding="utf-8"?><testsuites name="pytest tests"><testsuite name="pytest" errors="0" failures="0" skipped="1" tests="6" time="5.390" timestamp="2026-03-11T03:49:13.606786+00:00" hostname="agent-env-c8c47970-3296-4a36-b063-6bc2a32e2d80"><testcase classname="tests.test_merchant_debit_balance_fix.TestMerchantDebitBalanceFix" name="test_01_authentication_works" time="0.824" /><testcase classname="tests.test_merchant_debit_balance_fix.TestMerchantDebitBalanceFix" name="test_02_get_merchant_debit_account" time="0.918" /><testcase classname="tests.test_merchant_debit_balance_fix.TestMerchantDebitBalanceFix" name="test_03_get_pending_confirmations" time="0.903" /><testcase classname="tests.test_merchant_debit_balance_fix.TestMerchantDebitBalanceFix" name="test_04_verify_merchant_debit_balance_matches_transactions" time="0.898" /><testcase classname="tests.test_merchant_debit_balance_fix.TestMerchantDebitBalanceFix" name="test_04b_confirm_cash_payment_debits_merchant_balance" time="0.904"><skipped type="pytest.skip" message="No pending cash payment confirmations to test with">/app/backend/tests/test_merchant_debit_balance_fix.py:219: No pending cash payment confirmations to test with</skipped></testcase><testcase classname="tests.test_merchant_debit_balance_fix.TestMerchantDebitBalanceFix" name="test_05_transaction_status_changes_to_completed" time="0.886" /></testsuite></testsuites>