<?xml version="1.0" encoding="utf-8"?><testsuites name="pytest tests"><testsuite name="pytest" errors="0" failures="0" skipped="0" tests="12" time="5.452" timestamp="2026-03-03T14:26:32.317530+00:00" hostname="agent-env-c8c47970-3296-4a36-b063-6bc2a32e2d80"><testcase classname="tests.test_merchant_delete_admin_features.TestMerchantDeleteAndPartnerFiltering" name="test_01_health_check" time="0.539" /><testcase classname="tests.test_merchant_delete_admin_features.TestMerchantDeleteAndPartnerFiltering" name="test_02_super_admin_can_delete_merchant" time="0.526" /><testcase classname="tests.test_merchant_delete_admin_features.TestMerchantDeleteAndPartnerFiltering" name="test_03_deleted_merchants_not_in_partners_list" time="0.380" /><testcase classname="tests.test_merchant_delete_admin_features.TestMerchantDeleteAndPartnerFiltering" name="test_04_blocked_merchants_not_in_partners_list" time="0.377" /><testcase classname="tests.test_merchant_delete_admin_features.TestMerchantDeleteAndPartnerFiltering" name="test_05_suspended_merchants_not_in_partners_list" time="0.570" /><testcase classname="tests.test_merchant_delete_admin_features.TestMerchantDeleteAndPartnerFiltering" name="test_06_normal_admin_cannot_delete_merchant" time="0.784" /><testcase classname="tests.test_merchant_delete_admin_features.TestAdminManagement" name="test_01_get_admin_profile" time="0.400" /><testcase classname="tests.test_merchant_delete_admin_features.TestAdminManagement" name="test_02_list_admins" time="0.385" /><testcase classname="tests.test_merchant_delete_admin_features.TestAdminManagement" name="test_03_create_admin" time="0.667" /><testcase classname="tests.test_merchant_delete_admin_features.TestAdminManagement" name="test_04_admin_roles_endpoint" time="0.406" /><testcase classname="tests.test_merchant_delete_admin_features.TestPartnerEndpointFiltering" name="test_01_partners_endpoint_returns_valid_structure" time="0.135" /><testcase classname="tests.test_merchant_delete_admin_features.TestPartnerEndpointFiltering" name="test_02_partners_endpoint_filters_by_category" time="0.220" /></testsuite></testsuites>