<?xml version="1.0" encoding="utf-8"?><testsuites name="pytest tests"><testsuite name="pytest" errors="0" failures="0" skipped="0" tests="13" time="3.385" timestamp="2026-03-10T23:55:59.912302+00:00" hostname="agent-env-c8c47970-3296-4a36-b063-6bc2a32e2d80"><testcase classname="backend.tests.test_merchant_payment_modal.TestMerchantQRLookup" name="test_merchant_lookup_by_qr_success" time="0.152" /><testcase classname="backend.tests.test_merchant_payment_modal.TestMerchantQRLookup" name="test_merchant_lookup_invalid_qr" time="0.149" /><testcase classname="backend.tests.test_merchant_payment_modal.TestMerchantQRLookup" name="test_merchant_cash_payment_info" time="0.112" /><testcase classname="backend.tests.test_merchant_payment_modal.TestCashbackPayment" name="test_cashback_payment_requires_auth" time="0.130" /><testcase classname="backend.tests.test_merchant_payment_modal.TestCashbackPayment" name="test_cashback_payment_minimum_amount" time="0.481" /><testcase classname="backend.tests.test_merchant_payment_modal.TestCashbackPayment" name="test_cashback_payment_insufficient_balance" time="0.254" /><testcase classname="backend.tests.test_merchant_payment_modal.TestHybridPayment" name="test_hybrid_payment_amounts_must_add_up" time="0.106" /><testcase classname="backend.tests.test_merchant_payment_modal.TestHybridPayment" name="test_hybrid_payment_invalid_merchant" time="0.132" /><testcase classname="backend.tests.test_merchant_payment_modal.TestCashPayment" name="test_cash_payment_endpoint_exists" time="0.125" /><testcase classname="backend.tests.test_merchant_payment_modal.TestCashPayment" name="test_cash_payment_minimum_amount" time="0.114" /><testcase classname="backend.tests.test_merchant_payment_modal.TestMoMoPayment" name="test_momo_payment_endpoint_exists" time="1.303" /><testcase classname="backend.tests.test_merchant_payment_modal.TestMoMoPayment" name="test_momo_payment_minimum_amount" time="0.137" /><testcase classname="backend.tests.test_merchant_payment_modal.TestClientCashbackBalance" name="test_client_has_cashback_balance_field" time="0.128" /></testsuite></testsuites>