<?xml version="1.0" encoding="utf-8"?><testsuites name="pytest tests"><testsuite name="pytest" errors="0" failures="0" skipped="2" tests="12" time="5.133" timestamp="2026-03-21T06:22:49.573284+00:00" hostname="agent-env-c8c47970-3296-4a36-b063-6bc2a32e2d80"><testcase classname="tests.test_merchant_withdrawal.TestMerchantWithdrawalAPIs" name="test_get_balance_success" time="0.484" /><testcase classname="tests.test_merchant_withdrawal.TestMerchantWithdrawalAPIs" name="test_get_balance_unauthorized" time="0.438" /><testcase classname="tests.test_merchant_withdrawal.TestMerchantWithdrawalAPIs" name="test_get_withdrawals_success" time="0.485" /><testcase classname="tests.test_merchant_withdrawal.TestMerchantWithdrawalAPIs" name="test_get_withdrawals_with_limit" time="0.458" /><testcase classname="tests.test_merchant_withdrawal.TestMerchantWithdrawalAPIs" name="test_get_auto_withdraw_settings_success" time="0.485" /><testcase classname="tests.test_merchant_withdrawal.TestMerchantWithdrawalAPIs" name="test_save_auto_withdraw_settings_success" time="0.588" /><testcase classname="tests.test_merchant_withdrawal.TestMerchantWithdrawalAPIs" name="test_withdraw_validation_minimum_amount" time="0.444" /><testcase classname="tests.test_merchant_withdrawal.TestMerchantWithdrawalAPIs" name="test_withdraw_validation_insufficient_balance" time="0.461" /><testcase classname="tests.test_merchant_withdrawal.TestMerchantWithdrawalAPIs" name="test_withdraw_unauthorized" time="0.445" /><testcase classname="tests.test_merchant_withdrawal.TestMerchantWithdrawalUIData" name="test_merchant_has_momo_configured" time="0.104"><skipped type="pytest.skip" message="Could not login as merchant">/app/backend/tests/test_merchant_withdrawal.py:216: Could not login as merchant</skipped></testcase><testcase classname="tests.test_merchant_withdrawal.TestMerchantWithdrawalUIData" name="test_balance_for_quick_amount_buttons" time="0.504" /><testcase classname="tests.test_merchant_withdrawal.TestMerchantWithdrawalIntegration" name="test_full_withdrawal_flow_data" time="0.113"><skipped type="pytest.skip" message="Could not login as merchant">/app/backend/tests/test_merchant_withdrawal.py:263: Could not login as merchant</skipped></testcase></testsuite></testsuites>