<?xml version="1.0" encoding="utf-8"?><testsuites name="pytest tests"><testsuite name="pytest" errors="0" failures="0" skipped="0" tests="10" time="3.542" timestamp="2026-03-25T18:42:32.147870+00:00" hostname="agent-env-c8c47970-3296-4a36-b063-6bc2a32e2d80"><testcase classname="tests.test_merchant_referral_stats.TestMerchantReferralStats" name="test_health_check" time="0.208" /><testcase classname="tests.test_merchant_referral_stats.TestMerchantReferralStats" name="test_merchant_login" time="0.360" /><testcase classname="tests.test_merchant_referral_stats.TestMerchantReferralStats" name="test_referral_stats_endpoint" time="0.436" /><testcase classname="tests.test_merchant_referral_stats.TestMerchantReferralStats" name="test_referral_stats_monthly_breakdown" time="0.460" /><testcase classname="tests.test_merchant_referral_stats.TestMerchantReferralStats" name="test_referral_link_endpoint" time="0.406" /><testcase classname="tests.test_merchant_referral_stats.TestMerchantReferralStats" name="test_referral_stats_unauthorized" time="0.104" /><testcase classname="tests.test_merchant_referral_stats.TestMerchantReferralStats" name="test_referral_link_unauthorized" time="0.136" /><testcase classname="tests.test_merchant_referral_stats.TestClientRegistrationWithMerchantReferral" name="test_otp_send" time="0.602" /><testcase classname="tests.test_merchant_referral_stats.TestClientRegistrationWithMerchantReferral" name="test_merchant_referral_code_format" time="0.350" /><testcase classname="tests.test_merchant_referral_stats.TestNoManualWithdrawalUI" name="test_withdrawal_endpoint_still_exists" time="0.422" /></testsuite></testsuites>