<?xml version="1.0" encoding="utf-8"?><testsuites name="pytest tests"><testsuite name="pytest" errors="0" failures="0" skipped="0" tests="20" time="14.000" timestamp="2026-03-03T04:01:36.939938+00:00" hostname="agent-env-c8c47970-3296-4a36-b063-6bc2a32e2d80"><testcase classname="backend.tests.test_merchant_pin_admin_mgmt.TestMerchantPINSecurity" name="test_01_pin_status_initial" time="0.455" /><testcase classname="backend.tests.test_merchant_pin_admin_mgmt.TestMerchantPINSecurity" name="test_02_set_pin_invalid_format" time="0.485" /><testcase classname="backend.tests.test_merchant_pin_admin_mgmt.TestMerchantPINSecurity" name="test_03_set_pin_invalid_otp" time="0.388" /><testcase classname="backend.tests.test_merchant_pin_admin_mgmt.TestMerchantPINSecurity" name="test_04_set_pin_success" time="0.681" /><testcase classname="backend.tests.test_merchant_pin_admin_mgmt.TestMerchantPINSecurity" name="test_05_verify_pin_correct" time="0.914" /><testcase classname="backend.tests.test_merchant_pin_admin_mgmt.TestMerchantPINSecurity" name="test_06_verify_pin_incorrect" time="0.612" /><testcase classname="backend.tests.test_merchant_pin_admin_mgmt.TestMerchantPINSecurity" name="test_07_reset_pin_success" time="0.935" /><testcase classname="backend.tests.test_merchant_pin_admin_mgmt.TestAdminManagement" name="test_01_admin_profile" time="0.383" /><testcase classname="backend.tests.test_merchant_pin_admin_mgmt.TestAdminManagement" name="test_02_admin_list" time="0.378" /><testcase classname="backend.tests.test_merchant_pin_admin_mgmt.TestAdminManagement" name="test_03_create_admin" time="0.712" /><testcase classname="backend.tests.test_merchant_pin_admin_mgmt.TestAdminManagement" name="test_04_create_admin_duplicate" time="0.732" /><testcase classname="backend.tests.test_merchant_pin_admin_mgmt.TestAdminManagement" name="test_05_create_admin_invalid_role" time="0.402" /><testcase classname="backend.tests.test_merchant_pin_admin_mgmt.TestAdminManagement" name="test_06_change_admin_role" time="0.790" /><testcase classname="backend.tests.test_merchant_pin_admin_mgmt.TestAdminManagement" name="test_07_change_own_role_fails" time="0.472" /><testcase classname="backend.tests.test_merchant_pin_admin_mgmt.TestAdminManagement" name="test_08_change_password_own" time="1.811" /><testcase classname="backend.tests.test_merchant_pin_admin_mgmt.TestAdminManagement" name="test_09_reset_password_other_admin" time="1.209" /><testcase classname="backend.tests.test_merchant_pin_admin_mgmt.TestAdminManagement" name="test_10_delete_admin" time="0.727" /><testcase classname="backend.tests.test_merchant_pin_admin_mgmt.TestAdminManagement" name="test_11_delete_own_account_fails" time="0.435" /><testcase classname="backend.tests.test_merchant_pin_admin_mgmt.TestAdminManagement" name="test_12_non_super_admin_cannot_list" time="1.036" /><testcase classname="backend.tests.test_merchant_pin_admin_mgmt.TestAdminManagement" name="test_13_admin_roles_endpoint" time="0.382" /></testsuite></testsuites>