<?xml version="1.0" encoding="utf-8"?><testsuites name="pytest tests"><testsuite name="pytest" errors="0" failures="0" skipped="1" tests="13" time="4.441" timestamp="2026-03-25T18:53:47.928231+00:00" hostname="agent-env-c8c47970-3296-4a36-b063-6bc2a32e2d80"><testcase classname="tests.test_merchant_referral_leaderboard.TestMerchantReferralLeaderboard" name="test_health_check" time="0.162" /><testcase classname="tests.test_merchant_referral_leaderboard.TestMerchantReferralLeaderboard" name="test_merchant_login" time="0.467" /><testcase classname="tests.test_merchant_referral_leaderboard.TestMerchantReferralLeaderboard" name="test_referral_leaderboard_endpoint" time="0.474" /><testcase classname="tests.test_merchant_referral_leaderboard.TestMerchantReferralLeaderboard" name="test_leaderboard_entry_structure" time="0.457" /><testcase classname="tests.test_merchant_referral_leaderboard.TestMerchantReferralLeaderboard" name="test_current_merchant_in_response" time="0.422" /><testcase classname="tests.test_merchant_referral_leaderboard.TestMerchantReferralLeaderboard" name="test_leaderboard_unauthorized" time="0.123" /><testcase classname="tests.test_merchant_referral_leaderboard.TestAdminMerchantReferralLeaderboard" name="test_admin_login" time="0.356" /><testcase classname="tests.test_merchant_referral_leaderboard.TestAdminMerchantReferralLeaderboard" name="test_admin_leaderboard_endpoint" time="0.410" /><testcase classname="tests.test_merchant_referral_leaderboard.TestAdminMerchantReferralLeaderboard" name="test_admin_leaderboard_summary_stats" time="0.411" /><testcase classname="tests.test_merchant_referral_leaderboard.TestAdminMerchantReferralLeaderboard" name="test_admin_leaderboard_entry_structure" time="0.113"><skipped type="pytest.skip" message="Admin login required">/app/backend/tests/test_merchant_referral_leaderboard.py:272: Admin login required</skipped></testcase><testcase classname="tests.test_merchant_referral_leaderboard.TestAdminMerchantReferralLeaderboard" name="test_admin_leaderboard_all_data_for_export" time="0.419" /><testcase classname="tests.test_merchant_referral_leaderboard.TestAdminMerchantReferralLeaderboard" name="test_admin_leaderboard_unauthorized" time="0.111" /><testcase classname="tests.test_merchant_referral_leaderboard.TestAdminMerchantReferralLeaderboard" name="test_admin_leaderboard_merchant_token_rejected" time="0.445" /></testsuite></testsuites>