<?xml version="1.0" encoding="utf-8"?><testsuites name="pytest tests"><testsuite name="pytest" errors="0" failures="0" skipped="0" tests="12" time="4.242" timestamp="2026-03-01T15:54:52.226419+00:00" hostname="agent-env-c8c47970-3296-4a36-b063-6bc2a32e2d80"><testcase classname="backend.tests.test_merchant_qr_features.TestMerchantLogin" name="test_merchant_login_success" time="0.194" /><testcase classname="backend.tests.test_merchant_qr_features.TestMerchantLogin" name="test_merchant_login_invalid_credentials" time="0.154" /><testcase classname="backend.tests.test_merchant_qr_features.TestMerchantLogin" name="test_merchant_login_missing_fields" time="0.127" /><testcase classname="backend.tests.test_merchant_qr_features.TestMerchantTransactions" name="test_get_transactions_default" time="0.264" /><testcase classname="backend.tests.test_merchant_qr_features.TestMerchantTransactions" name="test_get_transactions_with_limit" time="0.468" /><testcase classname="backend.tests.test_merchant_qr_features.TestMerchantTransactions" name="test_get_merchant_report" time="0.222" /><testcase classname="backend.tests.test_merchant_qr_features.TestMerchantTransactions" name="test_get_merchant_profile" time="0.227" /><testcase classname="backend.tests.test_merchant_qr_features.TestCreateTransaction" name="test_create_transaction_invalid_qr" time="0.634" /><testcase classname="backend.tests.test_merchant_qr_features.TestCreateTransaction" name="test_create_transaction_with_notes" time="0.675" /><testcase classname="backend.tests.test_merchant_qr_features.TestCreateTransaction" name="test_create_transaction_success" time="0.724" /><testcase classname="backend.tests.test_merchant_qr_features.TestMerchantCardTypes" name="test_get_card_types" time="0.211" /><testcase classname="backend.tests.test_merchant_qr_features.TestMerchantCardTypes" name="test_get_memberships" time="0.270" /></testsuite></testsuites>