<?xml version="1.0" encoding="utf-8"?><testsuites name="pytest tests"><testsuite name="pytest" errors="0" failures="0" skipped="0" tests="26" time="10.166" timestamp="2026-03-05T01:07:12.809468+00:00" hostname="agent-env-c8c47970-3296-4a36-b063-6bc2a32e2d80"><testcase classname="backend.tests.test_merchant_settings_phase1.TestMerchantAuth" name="test_merchant_login" time="0.405" /><testcase classname="backend.tests.test_merchant_settings_phase1.TestMerchantDashboard" name="test_get_merchant_dashboard" time="0.503" /><testcase classname="backend.tests.test_merchant_settings_phase1.TestPinProtection" name="test_get_pin_status" time="0.476" /><testcase classname="backend.tests.test_merchant_settings_phase1.TestPinProtection" name="test_verify_pin" time="0.373" /><testcase classname="backend.tests.test_merchant_settings_phase1.TestPinProtection" name="test_verify_pin_wrong" time="0.367" /><testcase classname="backend.tests.test_merchant_settings_phase1.TestPinProtection" name="test_enable_pin" time="0.681" /><testcase classname="backend.tests.test_merchant_settings_phase1.TestPinProtection" name="test_change_pin" time="0.930" /><testcase classname="backend.tests.test_merchant_settings_phase1.TestPinProtection" name="test_forgot_pin_request_otp" time="0.372" /><testcase classname="backend.tests.test_merchant_settings_phase1.TestPinProtection" name="test_forgot_pin_reset" time="1.297" /><testcase classname="backend.tests.test_merchant_settings_phase1.TestPinProtection" name="test_disable_pin" time="0.482" /><testcase classname="backend.tests.test_merchant_settings_phase1.TestPinProtection" name="test_re_enable_pin" time="0.341" /><testcase classname="backend.tests.test_merchant_settings_phase1.TestCashierManagement" name="test_get_cashiers" time="0.486" /><testcase classname="backend.tests.test_merchant_settings_phase1.TestCashierManagement" name="test_create_cashier" time="0.117" /><testcase classname="backend.tests.test_merchant_settings_phase1.TestCashierManagement" name="test_create_duplicate_cashier_fails" time="0.115" /><testcase classname="backend.tests.test_merchant_settings_phase1.TestCashierManagement" name="test_update_cashier" time="0.368" /><testcase classname="backend.tests.test_merchant_settings_phase1.TestCashierManagement" name="test_delete_cashier" time="0.350" /><testcase classname="backend.tests.test_merchant_settings_phase1.TestBusinessInfoUpdate" name="test_update_business_name" time="0.722" /><testcase classname="backend.tests.test_merchant_settings_phase1.TestBusinessInfoUpdate" name="test_update_business_address" time="0.149" /><testcase classname="backend.tests.test_merchant_settings_phase1.TestBusinessInfoUpdate" name="test_update_city" time="0.113" /><testcase classname="backend.tests.test_merchant_settings_phase1.TestBusinessInfoUpdate" name="test_update_gps_coordinates" time="0.123" /><testcase classname="backend.tests.test_merchant_settings_phase1.TestBusinessInfoUpdate" name="test_update_google_maps_url" time="0.104" /><testcase classname="backend.tests.test_merchant_settings_phase1.TestBusinessInfoUpdate" name="test_update_all_business_fields" time="0.114" /><testcase classname="backend.tests.test_merchant_settings_phase1.TestMerchantSettings" name="test_get_settings" time="0.455" /><testcase classname="backend.tests.test_merchant_settings_phase1.TestMerchantSettings" name="test_update_cashback_rate" time="0.249" /><testcase classname="backend.tests.test_merchant_settings_phase1.TestMerchantSettings" name="test_invalid_cashback_rate_low" time="0.110" /><testcase classname="backend.tests.test_merchant_settings_phase1.TestMerchantSettings" name="test_invalid_cashback_rate_high" time="0.129" /></testsuite></testsuites>