<?xml version="1.0" encoding="utf-8"?><testsuites name="pytest tests"><testsuite name="pytest" errors="0" failures="0" skipped="0" tests="13" time="6.512" timestamp="2026-03-10T19:06:05.826672+00:00" hostname="agent-env-c8c47970-3296-4a36-b063-6bc2a32e2d80"><testcase classname="backend.tests.test_merchant_debit_system.TestMerchantDebitOverview" name="test_debit_overview_returns_200" time="0.598" /><testcase classname="backend.tests.test_merchant_debit_system.TestMerchantDebitOverview" name="test_debit_overview_structure" time="0.155" /><testcase classname="backend.tests.test_merchant_debit_system.TestMerchantDebitOverview" name="test_debit_overview_has_merchants" time="0.130" /><testcase classname="backend.tests.test_merchant_debit_system.TestMerchantDebitOverview" name="test_debit_overview_account_fields" time="0.131" /><testcase classname="backend.tests.test_merchant_debit_system.TestMerchantDebitSettings" name="test_update_debit_settings_success" time="0.938" /><testcase classname="backend.tests.test_merchant_debit_system.TestMerchantDebitSettings" name="test_update_debit_settings_with_test_merchant" time="1.443" /><testcase classname="backend.tests.test_merchant_debit_system.TestMerchantDebitSettings" name="test_update_debit_settings_negative_limit_fails" time="0.242" /><testcase classname="backend.tests.test_merchant_debit_system.TestMerchantDebitSettings" name="test_update_debit_settings_invalid_merchant_returns_404" time="0.106" /><testcase classname="backend.tests.test_merchant_debit_system.TestMerchantUnblockDebit" name="test_unblock_debit_not_blocked_returns_error" time="0.453" /><testcase classname="backend.tests.test_merchant_debit_system.TestMerchantUnblockDebit" name="test_unblock_invalid_merchant_returns_404" time="0.118" /><testcase classname="backend.tests.test_merchant_debit_system.TestDebitOverviewSummaryCalculations" name="test_summary_totals_are_numeric" time="0.141" /><testcase classname="backend.tests.test_merchant_debit_system.TestDebitOverviewSummaryCalculations" name="test_total_merchants_matches_accounts_length" time="0.126" /><testcase classname="backend.tests.test_merchant_debit_system.TestMerchantDebitAccountPersistence" name="test_debit_settings_persist_after_update" time="1.809" /></testsuite></testsuites>