<?xml version="1.0" encoding="utf-8"?><testsuites name="pytest tests"><testsuite name="pytest" errors="0" failures="0" skipped="0" tests="16" time="2.511" timestamp="2026-03-05T01:18:13.216934+00:00" hostname="agent-env-c8c47970-3296-4a36-b063-6bc2a32e2d80"><testcase classname="backend.tests.test_merchant_dashboard_phase2.TestMerchantDashboardPhase2" name="test_advanced_stats_day" time="0.493" /><testcase classname="backend.tests.test_merchant_dashboard_phase2.TestMerchantDashboardPhase2" name="test_advanced_stats_week" time="0.116" /><testcase classname="backend.tests.test_merchant_dashboard_phase2.TestMerchantDashboardPhase2" name="test_advanced_stats_month" time="0.114" /><testcase classname="backend.tests.test_merchant_dashboard_phase2.TestMerchantDashboardPhase2" name="test_advanced_stats_year" time="0.125" /><testcase classname="backend.tests.test_merchant_dashboard_phase2.TestMerchantDashboardPhase2" name="test_advanced_stats_invalid_period" time="0.124" /><testcase classname="backend.tests.test_merchant_dashboard_phase2.TestMerchantDashboardPhase2" name="test_merchant_summary" time="0.128" /><testcase classname="backend.tests.test_merchant_dashboard_phase2.TestMerchantDashboardPhase2" name="test_merchant_summary_data_values" time="0.208" /><testcase classname="backend.tests.test_merchant_dashboard_phase2.TestMerchantDashboardPhase2" name="test_chart_data_daily" time="0.125" /><testcase classname="backend.tests.test_merchant_dashboard_phase2.TestMerchantDashboardPhase2" name="test_chart_data_weekly" time="0.158" /><testcase classname="backend.tests.test_merchant_dashboard_phase2.TestMerchantDashboardPhase2" name="test_chart_data_monthly" time="0.120" /><testcase classname="backend.tests.test_merchant_dashboard_phase2.TestMerchantDashboardPhase2" name="test_chart_data_default" time="0.130" /><testcase classname="backend.tests.test_merchant_dashboard_phase2.TestMerchantDashboardPhase2" name="test_advanced_stats_no_auth" time="0.121" /><testcase classname="backend.tests.test_merchant_dashboard_phase2.TestMerchantDashboardPhase2" name="test_summary_no_auth" time="0.125" /><testcase classname="backend.tests.test_merchant_dashboard_phase2.TestMerchantDashboardPhase2" name="test_chart_data_no_auth" time="0.106" /><testcase classname="backend.tests.test_merchant_dashboard_phase2.TestMerchantDashboardPhase2" name="test_growth_percentage_calculation" time="0.107" /><testcase classname="backend.tests.test_merchant_dashboard_phase2.TestMerchantDashboardPhase2" name="test_basic_dashboard_still_works" time="0.115" /></testsuite></testsuites>