<?xml version="1.0" encoding="utf-8"?><testsuites name="pytest tests"><testsuite name="pytest" errors="0" failures="0" skipped="0" tests="9" time="3.928" timestamp="2026-03-05T03:02:54.010000+00:00" hostname="agent-env-c8c47970-3296-4a36-b063-6bc2a32e2d80"><testcase classname="backend.tests.test_monthly_analytics_pin.TestAdminAuthentication" name="test_admin_login" time="0.385" /><testcase classname="backend.tests.test_monthly_analytics_pin.TestMonthlyAnalytics" name="test_monthly_analytics_current_month" time="0.461" /><testcase classname="backend.tests.test_monthly_analytics_pin.TestMonthlyAnalytics" name="test_monthly_analytics_past_month" time="0.148" /><testcase classname="backend.tests.test_monthly_analytics_pin.TestMonthlyAnalytics" name="test_monthly_analytics_unauthorized" time="0.133" /><testcase classname="backend.tests.test_monthly_analytics_pin.TestAdminPINChange" name="test_pin_verify_with_correct_pin" time="0.663" /><testcase classname="backend.tests.test_monthly_analytics_pin.TestAdminPINChange" name="test_pin_verify_with_wrong_pin" time="0.363" /><testcase classname="backend.tests.test_monthly_analytics_pin.TestAdminPINChange" name="test_pin_change_super_admin" time="1.041" /><testcase classname="backend.tests.test_monthly_analytics_pin.TestAdminPINChange" name="test_pin_change_invalid_format" time="0.223" /><testcase classname="backend.tests.test_monthly_analytics_pin.TestPINStatus" name="test_pin_status" time="0.444" /></testsuite></testsuites>