<?xml version="1.0" encoding="utf-8"?><testsuites name="pytest tests"><testsuite name="pytest" errors="0" failures="0" skipped="0" tests="9" time="2.679" timestamp="2026-03-02T02:39:34.611223+00:00" hostname="agent-env-c8c47970-3296-4a36-b063-6bc2a32e2d80"><testcase classname="tests.test_multilingual_lottery.TestAutoLotteryConfig" name="test_get_lottery_config" time="0.539" /><testcase classname="tests.test_multilingual_lottery.TestAutoLotteryConfig" name="test_put_lottery_config" time="0.539" /><testcase classname="tests.test_multilingual_lottery.TestAutoLotteryConfig" name="test_trigger_monthly_lottery" time="0.479" /><testcase classname="tests.test_multilingual_lottery.TestAutoLotteryConfig" name="test_lottery_config_default_amount" time="0.514" /><testcase classname="tests.test_multilingual_lottery.TestSDMAPIHealth" name="test_health_check" time="0.110" /><testcase classname="tests.test_multilingual_lottery.TestSDMAPIHealth" name="test_sdm_user_vip_cards" time="0.121" /><testcase classname="tests.test_multilingual_lottery.TestSDMAPIHealth" name="test_sdm_partners" time="0.102" /><testcase classname="tests.test_multilingual_lottery.TestSDMClientAuth" name="test_send_otp" time="0.107" /><testcase classname="tests.test_multilingual_lottery.TestSDMClientAuth" name="test_verify_otp" time="0.112" /></testsuite></testsuites>