<?xml version="1.0" encoding="utf-8"?><testsuites name="pytest tests"><testsuite name="pytest" errors="0" failures="0" skipped="0" tests="20" time="13.113" timestamp="2026-03-01T20:02:31.957584+00:00" hostname="agent-env-c8c47970-3296-4a36-b063-6bc2a32e2d80"><testcase classname="backend.tests.test_notifications_alerts.TestAdminNotifications" name="test_create_notification_all_recipients" time="0.520" /><testcase classname="backend.tests.test_notifications_alerts.TestAdminNotifications" name="test_create_notification_clients_only" time="0.429" /><testcase classname="backend.tests.test_notifications_alerts.TestAdminNotifications" name="test_create_notification_merchants_only" time="0.438" /><testcase classname="backend.tests.test_notifications_alerts.TestAdminNotifications" name="test_create_notification_info_type" time="0.412" /><testcase classname="backend.tests.test_notifications_alerts.TestAdminNotifications" name="test_list_notifications" time="0.432" /><testcase classname="backend.tests.test_notifications_alerts.TestAdminNotifications" name="test_list_notifications_filter_by_type" time="0.427" /><testcase classname="backend.tests.test_notifications_alerts.TestAdminNotifications" name="test_delete_notification" time="0.527" /><testcase classname="backend.tests.test_notifications_alerts.TestAdminNotifications" name="test_delete_nonexistent_notification" time="0.421" /><testcase classname="backend.tests.test_notifications_alerts.TestFloatAlerts" name="test_get_float_alerts_history" time="0.415" /><testcase classname="backend.tests.test_notifications_alerts.TestFloatAlerts" name="test_get_float_alerts_filter_unacknowledged" time="0.401" /><testcase classname="backend.tests.test_notifications_alerts.TestFloatAlerts" name="test_test_float_alert_no_config" time="1.053" /><testcase classname="backend.tests.test_notifications_alerts.TestFloatAlerts" name="test_configure_alert_webhook_and_test" time="1.109" /><testcase classname="backend.tests.test_notifications_alerts.TestFloatAlerts" name="test_acknowledge_float_alert" time="1.183" /><testcase classname="backend.tests.test_notifications_alerts.TestUserNotifications" name="test_get_user_notifications" time="0.574" /><testcase classname="backend.tests.test_notifications_alerts.TestUserNotifications" name="test_get_user_notifications_unread_only" time="0.510" /><testcase classname="backend.tests.test_notifications_alerts.TestUserNotifications" name="test_get_unread_count" time="0.503" /><testcase classname="backend.tests.test_notifications_alerts.TestUserNotifications" name="test_mark_notification_as_read" time="0.820" /><testcase classname="backend.tests.test_notifications_alerts.TestUserNotifications" name="test_user_sees_clients_notifications" time="0.668" /><testcase classname="backend.tests.test_notifications_alerts.TestUserNotifications" name="test_user_sees_all_notifications" time="0.649" /><testcase classname="backend.tests.test_notifications_alerts.TestNotificationEndToEnd" name="test_full_notification_workflow" time="1.525" /></testsuite></testsuites>