<?xml version="1.0" encoding="utf-8"?><testsuites name="pytest tests"><testsuite name="pytest" errors="0" failures="0" skipped="10" tests="21" time="4.335" timestamp="2026-03-04T18:50:32.966587+00:00" hostname="agent-env-c8c47970-3296-4a36-b063-6bc2a32e2d80"><testcase classname="backend.tests.test_payment_flow.TestHealthEndpoint" name="test_health_check" time="0.281" /><testcase classname="backend.tests.test_payment_flow.TestPaymentCardEndpoints" name="test_initiate_card_payment_invalid_card_type" time="0.128" /><testcase classname="backend.tests.test_payment_flow.TestPaymentCardEndpoints" name="test_initiate_card_payment_invalid_phone" time="0.131" /><testcase classname="backend.tests.test_payment_flow.TestPaymentCardEndpoints" name="test_initiate_card_payment_client_not_found" time="0.130" /><testcase classname="backend.tests.test_payment_flow.TestPaymentCardEndpoints" name="test_initiate_card_payment_silver" time="0.307"><skipped type="pytest.skip" message="Client registration failed: 422 - {&quot;detail&quot;:[{&quot;type&quot;:&quot;missing&quot;,&quot;loc&quot;:[&quot;body&quot;,&quot;request_id&quot;],&quot;msg&quot;:&quot;Field required&quot;,&quot;input&quot;:{&quot;phone&quot;:&quot;+233541250233&quot;,&quot;otp_code&quot;:&quot;123456&quot;,&quot;full_name&quot;:&quot;Test Card Buyer 233&quot;,&quot;username&quot;:&quot;testbuyer233&quot;,&quot;password&quot;:&quot;TestPass123&quot;},&quot;url&quot;:&quot;https://errors.pydantic.dev/2.12/v/missing&quot;}]}">/app/backend/tests/test_payment_flow.py:121: Client registration failed: 422 - {"detail":[{"type":"missing","loc":["body","request_id"],"msg":"Field required","input":{"phone":"+233541250233","otp_code":"123456","full_name":"Test Card Buyer 233","username":"testbuyer233","password":"TestPass123"},"url":"https://errors.pydantic.dev/2.12/v/missing"}]}</skipped></testcase><testcase classname="backend.tests.test_payment_flow.TestPaymentCardEndpoints" name="test_initiate_card_payment_gold" time="0.241"><skipped type="pytest.skip" message="Client registration failed: 422 - {&quot;detail&quot;:[{&quot;type&quot;:&quot;missing&quot;,&quot;loc&quot;:[&quot;body&quot;,&quot;request_id&quot;],&quot;msg&quot;:&quot;Field required&quot;,&quot;input&quot;:{&quot;phone&quot;:&quot;+233541250234&quot;,&quot;otp_code&quot;:&quot;123456&quot;,&quot;full_name&quot;:&quot;Test Card Buyer 234&quot;,&quot;username&quot;:&quot;testbuyer234&quot;,&quot;password&quot;:&quot;TestPass123&quot;},&quot;url&quot;:&quot;https://errors.pydantic.dev/2.12/v/missing&quot;}]}">/app/backend/tests/test_payment_flow.py:144: Client registration failed: 422 - {"detail":[{"type":"missing","loc":["body","request_id"],"msg":"Field required","input":{"phone":"+233541250234","otp_code":"123456","full_name":"Test Card Buyer 234","username":"testbuyer234","password":"TestPass123"},"url":"https://errors.pydantic.dev/2.12/v/missing"}]}</skipped></testcase><testcase classname="backend.tests.test_payment_flow.TestPaymentCardEndpoints" name="test_initiate_card_payment_platinum" time="0.216"><skipped type="pytest.skip" message="Client registration failed: 422 - {&quot;detail&quot;:[{&quot;type&quot;:&quot;missing&quot;,&quot;loc&quot;:[&quot;body&quot;,&quot;request_id&quot;],&quot;msg&quot;:&quot;Field required&quot;,&quot;input&quot;:{&quot;phone&quot;:&quot;+233541250234&quot;,&quot;otp_code&quot;:&quot;123456&quot;,&quot;full_name&quot;:&quot;Test Card Buyer 234&quot;,&quot;username&quot;:&quot;testbuyer234&quot;,&quot;password&quot;:&quot;TestPass123&quot;},&quot;url&quot;:&quot;https://errors.pydantic.dev/2.12/v/missing&quot;}]}">/app/backend/tests/test_payment_flow.py:162: Client registration failed: 422 - {"detail":[{"type":"missing","loc":["body","request_id"],"msg":"Field required","input":{"phone":"+233541250234","otp_code":"123456","full_name":"Test Card Buyer 234","username":"testbuyer234","password":"TestPass123"},"url":"https://errors.pydantic.dev/2.12/v/missing"}]}</skipped></testcase><testcase classname="backend.tests.test_payment_flow.TestPaymentStatusAndConfirmation" name="test_get_payment_status_not_found" time="0.130" /><testcase classname="backend.tests.test_payment_flow.TestPaymentStatusAndConfirmation" name="test_get_payment_status_pending" time="0.382"><skipped type="pytest.skip" message="Client registration failed: {&quot;detail&quot;:[{&quot;type&quot;:&quot;missing&quot;,&quot;loc&quot;:[&quot;body&quot;,&quot;request_id&quot;],&quot;msg&quot;:&quot;Field required&quot;,&quot;input&quot;:{&quot;phone&quot;:&quot;+233541350234&quot;,&quot;otp_code&quot;:&quot;123456&quot;,&quot;full_name&quot;:&quot;Payment Test 234&quot;,&quot;username&quot;:&quot;paytest234&quot;,&quot;password&quot;:&quot;TestPass123&quot;},&quot;url&quot;:&quot;https://errors.pydantic.dev/2.12/v/missing&quot;}]}">/app/backend/tests/test_payment_flow.py:235: Client registration failed: {"detail":[{"type":"missing","loc":["body","request_id"],"msg":"Field required","input":{"phone":"+233541350234","otp_code":"123456","full_name":"Payment Test 234","username":"paytest234","password":"TestPass123"},"url":"https://errors.pydantic.dev/2.12/v/missing"}]}</skipped></testcase><testcase classname="backend.tests.test_payment_flow.TestPaymentStatusAndConfirmation" name="test_confirm_test_payment" time="0.262"><skipped type="pytest.skip" message="Client registration failed: {&quot;detail&quot;:[{&quot;type&quot;:&quot;missing&quot;,&quot;loc&quot;:[&quot;body&quot;,&quot;request_id&quot;],&quot;msg&quot;:&quot;Field required&quot;,&quot;input&quot;:{&quot;phone&quot;:&quot;+233541350235&quot;,&quot;otp_code&quot;:&quot;123456&quot;,&quot;full_name&quot;:&quot;Payment Test 235&quot;,&quot;username&quot;:&quot;paytest235&quot;,&quot;password&quot;:&quot;TestPass123&quot;},&quot;url&quot;:&quot;https://errors.pydantic.dev/2.12/v/missing&quot;}]}">/app/backend/tests/test_payment_flow.py:251: Client registration failed: {"detail":[{"type":"missing","loc":["body","request_id"],"msg":"Field required","input":{"phone":"+233541350235","otp_code":"123456","full_name":"Payment Test 235","username":"paytest235","password":"TestPass123"},"url":"https://errors.pydantic.dev/2.12/v/missing"}]}</skipped></testcase><testcase classname="backend.tests.test_payment_flow.TestPaymentStatusAndConfirmation" name="test_confirm_already_confirmed_payment" time="0.225"><skipped type="pytest.skip" message="Client registration failed: {&quot;detail&quot;:[{&quot;type&quot;:&quot;missing&quot;,&quot;loc&quot;:[&quot;body&quot;,&quot;request_id&quot;],&quot;msg&quot;:&quot;Field required&quot;,&quot;input&quot;:{&quot;phone&quot;:&quot;+233541350235&quot;,&quot;otp_code&quot;:&quot;123456&quot;,&quot;full_name&quot;:&quot;Payment Test 235&quot;,&quot;username&quot;:&quot;paytest235&quot;,&quot;password&quot;:&quot;TestPass123&quot;},&quot;url&quot;:&quot;https://errors.pydantic.dev/2.12/v/missing&quot;}]}">/app/backend/tests/test_payment_flow.py:275: Client registration failed: {"detail":[{"type":"missing","loc":["body","request_id"],"msg":"Field required","input":{"phone":"+233541350235","otp_code":"123456","full_name":"Payment Test 235","username":"paytest235","password":"TestPass123"},"url":"https://errors.pydantic.dev/2.12/v/missing"}]}</skipped></testcase><testcase classname="backend.tests.test_payment_flow.TestPaymentStatusAndConfirmation" name="test_fail_test_payment" time="0.386"><skipped type="pytest.skip" message="Could not create payment for fail test">/app/backend/tests/test_payment_flow.py:312: Could not create payment for fail test</skipped></testcase><testcase classname="backend.tests.test_payment_flow.TestCardActivationAfterPayment" name="test_client_status_active_after_payment" time="0.238"><skipped type="pytest.skip" message="Registration failed: {&quot;detail&quot;:[{&quot;type&quot;:&quot;missing&quot;,&quot;loc&quot;:[&quot;body&quot;,&quot;request_id&quot;],&quot;msg&quot;:&quot;Field required&quot;,&quot;input&quot;:{&quot;phone&quot;:&quot;+233541550235&quot;,&quot;otp_code&quot;:&quot;123456&quot;,&quot;full_name&quot;:&quot;Activation Test 235&quot;,&quot;username&quot;:&quot;acttest235&quot;,&quot;password&quot;:&quot;TestPass123&quot;},&quot;url&quot;:&quot;https://errors.pydantic.dev/2.12/v/missing&quot;}]}">/app/backend/tests/test_payment_flow.py:351: Registration failed: {"detail":[{"type":"missing","loc":["body","request_id"],"msg":"Field required","input":{"phone":"+233541550235","otp_code":"123456","full_name":"Activation Test 235","username":"acttest235","password":"TestPass123"},"url":"https://errors.pydantic.dev/2.12/v/missing"}]}</skipped></testcase><testcase classname="backend.tests.test_payment_flow.TestCardActivationAfterPayment" name="test_welcome_bonus_credited" time="0.216"><skipped type="pytest.skip" message="Registration failed: {&quot;detail&quot;:[{&quot;type&quot;:&quot;missing&quot;,&quot;loc&quot;:[&quot;body&quot;,&quot;request_id&quot;],&quot;msg&quot;:&quot;Field required&quot;,&quot;input&quot;:{&quot;phone&quot;:&quot;+233541650236&quot;,&quot;otp_code&quot;:&quot;123456&quot;,&quot;full_name&quot;:&quot;Bonus Test 236&quot;,&quot;username&quot;:&quot;bonustest236&quot;,&quot;password&quot;:&quot;TestPass123&quot;},&quot;url&quot;:&quot;https://errors.pydantic.dev/2.12/v/missing&quot;}]}">/app/backend/tests/test_payment_flow.py:400: Registration failed: {"detail":[{"type":"missing","loc":["body","request_id"],"msg":"Field required","input":{"phone":"+233541650236","otp_code":"123456","full_name":"Bonus Test 236","username":"bonustest236","password":"TestPass123"},"url":"https://errors.pydantic.dev/2.12/v/missing"}]}</skipped></testcase><testcase classname="backend.tests.test_payment_flow.TestMerchantPaymentFlow" name="test_merchant_payment_inactive_client" time="0.253"><skipped type="pytest.skip" message="Registration failed - cannot test inactive client scenario">/app/backend/tests/test_payment_flow.py:457: Registration failed - cannot test inactive client scenario</skipped></testcase><testcase classname="backend.tests.test_payment_flow.TestMerchantPaymentFlow" name="test_merchant_payment_invalid_qr" time="0.137" /><testcase classname="backend.tests.test_payment_flow.TestMerchantPaymentFlow" name="test_merchant_payment_minimum_amount" time="0.124" /><testcase classname="backend.tests.test_payment_flow.TestMerchantPaymentFlow" name="test_merchant_payment_initiate" time="0.114" /><testcase classname="backend.tests.test_payment_flow.TestPaymentCallback" name="test_callback_missing_reference" time="0.108" /><testcase classname="backend.tests.test_payment_flow.TestPaymentCallback" name="test_callback_unknown_reference" time="0.112" /><testcase classname="backend.tests.test_payment_flow.TestExistingClientWithActiveCard" name="test_already_active_client_cannot_buy_card" time="0.110" /></testsuite></testsuites>