<?xml version="1.0" encoding="utf-8"?><testsuites name="pytest tests"><testsuite name="pytest" errors="0" failures="0" skipped="0" tests="28" time="3.718" timestamp="2026-03-19T10:01:54.007957+00:00" hostname="agent-env-c8c47970-3296-4a36-b063-6bc2a32e2d80"><testcase classname="tests.test_payment_confirmation_system.TestPaymentCallbackEndpoint" name="test_callback_endpoint_exists" time="0.319" /><testcase classname="tests.test_payment_confirmation_system.TestPaymentCallbackEndpoint" name="test_callback_with_missing_reference" time="0.116" /><testcase classname="tests.test_payment_confirmation_system.TestPaymentCallbackEndpoint" name="test_callback_with_unknown_reference" time="0.140" /><testcase classname="tests.test_payment_confirmation_system.TestPaymentCallbackEndpoint" name="test_callback_with_nested_data_format" time="0.150" /><testcase classname="tests.test_payment_confirmation_system.TestPollStatusEndpoint" name="test_poll_status_endpoint_exists" time="0.128" /><testcase classname="tests.test_payment_confirmation_system.TestPollStatusEndpoint" name="test_poll_status_unknown_payment" time="0.107" /><testcase classname="tests.test_payment_confirmation_system.TestPollStatusEndpoint" name="test_poll_status_response_structure" time="0.116" /><testcase classname="tests.test_payment_confirmation_system.TestPaymentFlow" name="test_merchant_payment_initiation_endpoint_exists" time="0.109" /><testcase classname="tests.test_payment_confirmation_system.TestPaymentFlow" name="test_payment_status_endpoint" time="0.143" /><testcase classname="tests.test_payment_confirmation_system.TestPaymentFlow" name="test_check_status_endpoint" time="0.115" /><testcase classname="tests.test_payment_confirmation_system.TestCompletePaymentBehavior" name="test_callback_success_triggers_completion" time="0.102" /><testcase classname="tests.test_payment_confirmation_system.TestCompletePaymentBehavior" name="test_callback_failed_status" time="0.104" /><testcase classname="tests.test_payment_confirmation_system.TestDatabaseLinkage" name="test_poll_status_checks_both_collections" time="0.134" /><testcase classname="tests.test_payment_confirmation_system.TestDatabaseLinkage" name="test_callback_updates_both_collections" time="0.166" /><testcase classname="tests.test_payment_confirmation_system.TestGenericCallbackEndpoint" name="test_generic_callback_exists" time="0.112" /><testcase classname="tests.test_payment_confirmation_system.TestCashPaymentStatusEndpoint" name="test_cash_status_endpoint_exists" time="0.136" /><testcase classname="tests.test_payment_confirmation_integration.TestEndToEndPaymentConfirmation" name="test_01_verify_merchant_exists" time="0.098" /><testcase classname="tests.test_payment_confirmation_integration.TestEndToEndPaymentConfirmation" name="test_02_verify_client_exists" time="0.045" /><testcase classname="tests.test_payment_confirmation_integration.TestEndToEndPaymentConfirmation" name="test_03_initiate_merchant_payment" time="0.054" /><testcase classname="tests.test_payment_confirmation_integration.TestCallbackProcessing" name="test_callback_with_success_status_variants" time="0.310" /><testcase classname="tests.test_payment_confirmation_integration.TestCallbackProcessing" name="test_callback_with_failed_status_variants" time="0.293" /><testcase classname="tests.test_payment_confirmation_integration.TestCallbackProcessing" name="test_callback_hubtel_response_format" time="0.065" /><testcase classname="tests.test_payment_confirmation_integration.TestPollStatusBehavior" name="test_poll_returns_should_poll_field" time="0.125" /><testcase classname="tests.test_payment_confirmation_integration.TestPollStatusBehavior" name="test_poll_returns_completed_failed_flags" time="0.060" /><testcase classname="tests.test_payment_confirmation_integration.TestPollStatusBehavior" name="test_poll_returns_user_friendly_message" time="0.062" /><testcase classname="tests.test_payment_confirmation_integration.TestTransactionRecording" name="test_transactions_endpoint_exists" time="0.109" /><testcase classname="tests.test_payment_confirmation_integration.TestTransactionRecording" name="test_client_transactions_endpoint" time="0.054" /><testcase classname="tests.test_payment_confirmation_integration.TestReconciliationIntegration" name="test_check_status_triggers_reconciliation" time="0.111" /></testsuite></testsuites>