<?xml version="1.0" encoding="utf-8"?><testsuites name="pytest tests"><testsuite name="pytest" errors="0" failures="0" skipped="0" tests="32" time="5.980" timestamp="2026-03-19T10:08:48.917173+00:00" hostname="agent-env-c8c47970-3296-4a36-b063-6bc2a32e2d80"><testcase classname="tests.test_payment_confirmation_system.TestPaymentCallbackEndpoint" name="test_callback_endpoint_exists" time="0.147" /><testcase classname="tests.test_payment_confirmation_system.TestPaymentCallbackEndpoint" name="test_callback_with_missing_reference" time="0.110" /><testcase classname="tests.test_payment_confirmation_system.TestPaymentCallbackEndpoint" name="test_callback_with_unknown_reference" time="0.111" /><testcase classname="tests.test_payment_confirmation_system.TestPaymentCallbackEndpoint" name="test_callback_with_nested_data_format" time="0.142" /><testcase classname="tests.test_payment_confirmation_system.TestPollStatusEndpoint" name="test_poll_status_endpoint_exists" time="0.123" /><testcase classname="tests.test_payment_confirmation_system.TestPollStatusEndpoint" name="test_poll_status_unknown_payment" time="0.130" /><testcase classname="tests.test_payment_confirmation_system.TestPollStatusEndpoint" name="test_poll_status_response_structure" time="0.143" /><testcase classname="tests.test_payment_confirmation_system.TestPaymentFlow" name="test_merchant_payment_initiation_endpoint_exists" time="0.114" /><testcase classname="tests.test_payment_confirmation_system.TestPaymentFlow" name="test_payment_status_endpoint" time="0.102" /><testcase classname="tests.test_payment_confirmation_system.TestPaymentFlow" name="test_check_status_endpoint" time="0.102" /><testcase classname="tests.test_payment_confirmation_system.TestCompletePaymentBehavior" name="test_callback_success_triggers_completion" time="0.103" /><testcase classname="tests.test_payment_confirmation_system.TestCompletePaymentBehavior" name="test_callback_failed_status" time="0.108" /><testcase classname="tests.test_payment_confirmation_system.TestDatabaseLinkage" name="test_poll_status_checks_both_collections" time="0.126" /><testcase classname="tests.test_payment_confirmation_system.TestDatabaseLinkage" name="test_callback_updates_both_collections" time="0.159" /><testcase classname="tests.test_payment_confirmation_system.TestGenericCallbackEndpoint" name="test_generic_callback_exists" time="0.107" /><testcase classname="tests.test_payment_confirmation_system.TestCashPaymentStatusEndpoint" name="test_cash_status_endpoint_exists" time="0.100" /><testcase classname="tests.test_payment_confirmation_integration.TestEndToEndPaymentConfirmation" name="test_01_verify_merchant_exists" time="0.121" /><testcase classname="tests.test_payment_confirmation_integration.TestEndToEndPaymentConfirmation" name="test_02_verify_client_exists" time="0.055" /><testcase classname="tests.test_payment_confirmation_integration.TestEndToEndPaymentConfirmation" name="test_03_initiate_merchant_payment" time="0.055" /><testcase classname="tests.test_payment_confirmation_integration.TestCallbackProcessing" name="test_callback_with_success_status_variants" time="0.275" /><testcase classname="tests.test_payment_confirmation_integration.TestCallbackProcessing" name="test_callback_with_failed_status_variants" time="0.281" /><testcase classname="tests.test_payment_confirmation_integration.TestCallbackProcessing" name="test_callback_hubtel_response_format" time="0.050" /><testcase classname="tests.test_payment_confirmation_integration.TestPollStatusBehavior" name="test_poll_returns_should_poll_field" time="0.115" /><testcase classname="tests.test_payment_confirmation_integration.TestPollStatusBehavior" name="test_poll_returns_completed_failed_flags" time="0.060" /><testcase classname="tests.test_payment_confirmation_integration.TestPollStatusBehavior" name="test_poll_returns_user_friendly_message" time="0.057" /><testcase classname="tests.test_payment_confirmation_integration.TestTransactionRecording" name="test_transactions_endpoint_exists" time="0.104" /><testcase classname="tests.test_payment_confirmation_integration.TestTransactionRecording" name="test_client_transactions_endpoint" time="0.052" /><testcase classname="tests.test_payment_confirmation_integration.TestReconciliationIntegration" name="test_check_status_triggers_reconciliation" time="0.103" /><testcase classname="tests.test_complete_payment_function" name="test_complete_payment_creates_transaction" time="0.316" /><testcase classname="tests.test_complete_payment_function" name="test_complete_payment_idempotent" time="0.008" /><testcase classname="tests.test_complete_payment_function" name="test_callback_triggers_complete_payment" time="1.044" /><testcase classname="tests.test_complete_payment_function" name="test_poll_status_triggers_complete_payment" time="1.197" /></testsuite></testsuites>