<?xml version="1.0" encoding="utf-8"?><testsuites name="pytest tests"><testsuite name="pytest" errors="0" failures="0" skipped="0" tests="16" time="2.378" timestamp="2026-03-19T10:00:47.473043+00:00" hostname="agent-env-c8c47970-3296-4a36-b063-6bc2a32e2d80"><testcase classname="tests.test_payment_confirmation_system.TestPaymentCallbackEndpoint" name="test_callback_endpoint_exists" time="0.261" /><testcase classname="tests.test_payment_confirmation_system.TestPaymentCallbackEndpoint" name="test_callback_with_missing_reference" time="0.175" /><testcase classname="tests.test_payment_confirmation_system.TestPaymentCallbackEndpoint" name="test_callback_with_unknown_reference" time="0.145" /><testcase classname="tests.test_payment_confirmation_system.TestPaymentCallbackEndpoint" name="test_callback_with_nested_data_format" time="0.111" /><testcase classname="tests.test_payment_confirmation_system.TestPollStatusEndpoint" name="test_poll_status_endpoint_exists" time="0.114" /><testcase classname="tests.test_payment_confirmation_system.TestPollStatusEndpoint" name="test_poll_status_unknown_payment" time="0.144" /><testcase classname="tests.test_payment_confirmation_system.TestPollStatusEndpoint" name="test_poll_status_response_structure" time="0.146" /><testcase classname="tests.test_payment_confirmation_system.TestPaymentFlow" name="test_merchant_payment_initiation_endpoint_exists" time="0.123" /><testcase classname="tests.test_payment_confirmation_system.TestPaymentFlow" name="test_payment_status_endpoint" time="0.111" /><testcase classname="tests.test_payment_confirmation_system.TestPaymentFlow" name="test_check_status_endpoint" time="0.138" /><testcase classname="tests.test_payment_confirmation_system.TestCompletePaymentBehavior" name="test_callback_success_triggers_completion" time="0.110" /><testcase classname="tests.test_payment_confirmation_system.TestCompletePaymentBehavior" name="test_callback_failed_status" time="0.105" /><testcase classname="tests.test_payment_confirmation_system.TestDatabaseLinkage" name="test_poll_status_checks_both_collections" time="0.108" /><testcase classname="tests.test_payment_confirmation_system.TestDatabaseLinkage" name="test_callback_updates_both_collections" time="0.170" /><testcase classname="tests.test_payment_confirmation_system.TestGenericCallbackEndpoint" name="test_generic_callback_exists" time="0.108" /><testcase classname="tests.test_payment_confirmation_system.TestCashPaymentStatusEndpoint" name="test_cash_status_endpoint_exists" time="0.110" /></testsuite></testsuites>