<?xml version="1.0" encoding="utf-8"?><testsuites name="pytest tests"><testsuite name="pytest" errors="0" failures="0" skipped="0" tests="20" time="1.863" timestamp="2026-03-04T19:21:01.769522+00:00" hostname="agent-env-c8c47970-3296-4a36-b063-6bc2a32e2d80"><testcase classname="backend.tests.test_phase2_qr_partners_referrals.TestPartnerDirectory" name="test_get_partners_returns_200" time="0.133" /><testcase classname="backend.tests.test_phase2_qr_partners_referrals.TestPartnerDirectory" name="test_get_partners_returns_merchants_list" time="0.057" /><testcase classname="backend.tests.test_phase2_qr_partners_referrals.TestPartnerDirectory" name="test_partners_merchant_has_required_fields" time="0.067" /><testcase classname="backend.tests.test_phase2_qr_partners_referrals.TestMerchantByQR" name="test_lookup_valid_qr_returns_merchant" time="0.062" /><testcase classname="backend.tests.test_phase2_qr_partners_referrals.TestMerchantByQR" name="test_lookup_invalid_qr_returns_404" time="0.055" /><testcase classname="backend.tests.test_phase2_qr_partners_referrals.TestMerchantByQR" name="test_lookup_returns_active_status" time="0.066" /><testcase classname="backend.tests.test_phase2_qr_partners_referrals.TestClientReferrals" name="test_get_referrals_authenticated" time="0.342" /><testcase classname="backend.tests.test_phase2_qr_partners_referrals.TestClientReferrals" name="test_referrals_has_required_fields" time="0.059" /><testcase classname="backend.tests.test_phase2_qr_partners_referrals.TestClientReferrals" name="test_referrals_unauthenticated_returns_error" time="0.060" /><testcase classname="backend.tests.test_phase2_qr_partners_referrals.TestClientDashboard" name="test_dashboard_returns_200" time="0.064" /><testcase classname="backend.tests.test_phase2_qr_partners_referrals.TestClientDashboard" name="test_dashboard_has_client_data" time="0.061" /><testcase classname="backend.tests.test_phase2_qr_partners_referrals.TestClientDashboard" name="test_dashboard_has_balance_info" time="0.063" /><testcase classname="backend.tests.test_phase2_qr_partners_referrals.TestMerchantPayment" name="test_payment_initiate_endpoint_exists" time="0.131" /><testcase classname="backend.tests.test_phase2_qr_partners_referrals.TestMerchantPayment" name="test_payment_validates_minimum_amount" time="0.061" /><testcase classname="backend.tests.test_phase2_qr_partners_referrals.TestMerchantPayment" name="test_payment_invalid_merchant_returns_error" time="0.110" /><testcase classname="backend.tests.test_phase2_qr_partners_referrals.TestPaymentStatus" name="test_payment_status_endpoint_exists" time="0.068" /><testcase classname="backend.tests.test_phase2_qr_partners_referrals.TestPaymentStatus" name="test_test_confirm_endpoint_exists" time="0.126" /><testcase classname="backend.tests.test_phase2_qr_partners_referrals.TestAvailableCards" name="test_available_cards_returns_200" time="0.086" /><testcase classname="backend.tests.test_phase2_qr_partners_referrals.TestAvailableCards" name="test_available_cards_has_three_types" time="0.056" /><testcase classname="backend.tests.test_phase2_qr_partners_referrals.TestAvailableCards" name="test_card_has_price_and_name" time="0.057" /></testsuite></testsuites>