<?xml version="1.0" encoding="utf-8"?><testsuites name="pytest tests"><testsuite name="pytest" errors="0" failures="0" skipped="0" tests="18" time="4.192" timestamp="2026-03-01T20:33:32.338765+00:00" hostname="agent-env-c8c47970-3296-4a36-b063-6bc2a32e2d80"><testcase classname="tests.test_push_notifications.TestPushNotificationEndpoints" name="test_admin_push_stats" time="0.963" /><testcase classname="tests.test_push_notifications.TestPushNotificationEndpoints" name="test_admin_push_stats_requires_auth" time="0.124" /><testcase classname="tests.test_push_notifications.TestPushNotificationEndpoints" name="test_admin_push_test" time="0.145" /><testcase classname="tests.test_push_notifications.TestPushNotificationEndpoints" name="test_admin_push_send_to_all" time="0.142" /><testcase classname="tests.test_push_notifications.TestPushNotificationEndpoints" name="test_admin_push_send_to_clients" time="0.114" /><testcase classname="tests.test_push_notifications.TestPushNotificationEndpoints" name="test_admin_push_send_to_merchants" time="0.109" /><testcase classname="tests.test_push_notifications.TestPushNotificationEndpoints" name="test_admin_push_send_with_url" time="0.123" /><testcase classname="tests.test_push_notifications.TestPushNotificationEndpoints" name="test_user_push_register" time="0.158" /><testcase classname="tests.test_push_notifications.TestPushNotificationEndpoints" name="test_user_push_register_updates_existing" time="0.138" /><testcase classname="tests.test_push_notifications.TestPushNotificationEndpoints" name="test_user_push_get_devices" time="0.109" /><testcase classname="tests.test_push_notifications.TestPushNotificationEndpoints" name="test_user_push_unregister" time="0.110" /><testcase classname="tests.test_push_notifications.TestPushNotificationEndpoints" name="test_user_push_unregister_nonexistent" time="0.120" /><testcase classname="tests.test_push_notifications.TestPushNotificationEndpoints" name="test_user_push_requires_auth" time="0.234" /><testcase classname="tests.test_push_notifications.TestPushNotificationEndpoints" name="test_admin_push_stats_after_registration" time="0.374" /><testcase classname="tests.test_push_notifications.TestPushNotificationEndpoints" name="test_admin_push_send_with_data" time="0.110" /><testcase classname="tests.test_push_notifications.TestMerchantPushDevice" name="test_merchant_push_register" time="0.567" /><testcase classname="tests.test_push_notifications.TestMerchantPushDevice" name="test_merchant_push_unregister" time="0.120" /><testcase classname="tests.test_push_notifications.TestMerchantPushDevice" name="test_push_stats_shows_merchant_devices" time="0.344" /></testsuite></testsuites>