<?xml version="1.0" encoding="utf-8"?><testsuites name="pytest tests"><testsuite name="pytest" errors="0" failures="0" skipped="0" tests="14" time="5.525" timestamp="2026-03-05T02:17:25.756675+00:00" hostname="agent-env-c8c47970-3296-4a36-b063-6bc2a32e2d80"><testcase classname="tests.test_referral_upgrade_features.TestClientAuthentication" name="test_active_client_login" time="0.408" /><testcase classname="tests.test_referral_upgrade_features.TestClientAuthentication" name="test_inactive_client_login" time="0.340" /><testcase classname="tests.test_referral_upgrade_features.TestReferralQRCode" name="test_referrals_endpoint_returns_qr_code" time="0.509" /><testcase classname="tests.test_referral_upgrade_features.TestReferralQRCode" name="test_qr_code_endpoint" time="0.455" /><testcase classname="tests.test_referral_upgrade_features.TestCardUpgrade" name="test_get_available_cards_with_prices" time="0.449" /><testcase classname="tests.test_referral_upgrade_features.TestCardUpgrade" name="test_upgrade_downgrade_rejected" time="0.450" /><testcase classname="tests.test_referral_upgrade_features.TestCardUpgrade" name="test_upgrade_invalid_card_type" time="0.462" /><testcase classname="tests.test_referral_upgrade_features.TestInactiveClientFeatures" name="test_inactive_client_status_pending" time="0.358" /><testcase classname="tests.test_referral_upgrade_features.TestInactiveClientFeatures" name="test_inactive_client_has_referral_code" time="0.358" /><testcase classname="tests.test_referral_upgrade_features.TestInactiveClientFeatures" name="test_inactive_client_can_access_referrals" time="0.495" /><testcase classname="tests.test_referral_upgrade_features.TestInactiveClientFeatures" name="test_inactive_client_cannot_upgrade" time="0.486" /><testcase classname="tests.test_referral_upgrade_features.TestPaymentTestConfirm" name="test_confirm_nonexistent_payment" time="0.141" /><testcase classname="tests.test_referral_upgrade_features.TestPaymentTestConfirm" name="test_payment_status_endpoint" time="0.327" /><testcase classname="tests.test_referral_upgrade_features.TestAPIHealthCheck" name="test_api_health" time="0.135" /></testsuite></testsuites>