<?xml version="1.0" encoding="utf-8"?><testsuites name="pytest tests"><testsuite name="pytest" errors="0" failures="0" skipped="9" tests="20" time="8.657" timestamp="2026-03-03T17:06:11.905895+00:00" hostname="agent-env-c8c47970-3296-4a36-b063-6bc2a32e2d80"><testcase classname="backend.tests.test_referral_system.TestAdminReferrals" name="test_admin_referrals_endpoint_exists" time="0.629" /><testcase classname="backend.tests.test_referral_system.TestAdminReferrals" name="test_admin_referrals_returns_stats" time="0.504" /><testcase classname="backend.tests.test_referral_system.TestAdminReferrals" name="test_admin_referrals_returns_completed_referrals_list" time="0.542" /><testcase classname="backend.tests.test_referral_system.TestAdminReferrals" name="test_admin_referrals_returns_pending_referrals_list" time="0.552" /><testcase classname="backend.tests.test_referral_system.TestAdminReferrals" name="test_admin_referrals_period_filter_all" time="0.608" /><testcase classname="backend.tests.test_referral_system.TestAdminReferrals" name="test_admin_referrals_period_filter_day" time="0.524" /><testcase classname="backend.tests.test_referral_system.TestAdminReferrals" name="test_admin_referrals_period_filter_week" time="0.769" /><testcase classname="backend.tests.test_referral_system.TestAdminReferrals" name="test_admin_referrals_period_filter_month" time="0.660" /><testcase classname="backend.tests.test_referral_system.TestAdminReferrals" name="test_admin_referrals_period_filter_year" time="0.633" /><testcase classname="backend.tests.test_referral_system.TestAdminReferrals" name="test_admin_referrals_bonus_values_correct" time="0.613" /><testcase classname="backend.tests.test_referral_system.TestUserReferrals" name="test_user_referrals_endpoint_exists" time="0.169"><skipped type="pytest.skip" message="No test user available for client referral tests">/app/backend/tests/test_referral_system.py:149: No test user available for client referral tests</skipped></testcase><testcase classname="backend.tests.test_referral_system.TestUserReferrals" name="test_user_referrals_returns_referral_code" time="0.191"><skipped type="pytest.skip" message="No test user available for client referral tests">/app/backend/tests/test_referral_system.py:155: No test user available for client referral tests</skipped></testcase><testcase classname="backend.tests.test_referral_system.TestUserReferrals" name="test_user_referrals_returns_how_it_works" time="0.206"><skipped type="pytest.skip" message="No test user available for client referral tests">/app/backend/tests/test_referral_system.py:165: No test user available for client referral tests</skipped></testcase><testcase classname="backend.tests.test_referral_system.TestUserReferrals" name="test_user_referrals_period_filter" time="0.167"><skipped type="pytest.skip" message="No test user available for client referral tests">/app/backend/tests/test_referral_system.py:183: No test user available for client referral tests</skipped></testcase><testcase classname="backend.tests.test_referral_system.TestUserReferrals" name="test_user_referrals_returns_stats" time="0.213"><skipped type="pytest.skip" message="No test user available for client referral tests">/app/backend/tests/test_referral_system.py:192: No test user available for client referral tests</skipped></testcase><testcase classname="backend.tests.test_referral_system.TestVIPCardPurchase" name="test_vip_purchase_rejects_cash_payment" time="0.198"><skipped type="pytest.skip" message="No test user available for VIP card tests">/app/backend/tests/test_referral_system.py:235: No test user available for VIP card tests</skipped></testcase><testcase classname="backend.tests.test_referral_system.TestVIPCardPurchase" name="test_vip_purchase_accepts_momo_payment" time="0.574"><skipped type="pytest.skip" message="No test user available for VIP card tests">/app/backend/tests/test_referral_system.py:257: No test user available for VIP card tests</skipped></testcase><testcase classname="backend.tests.test_referral_system.TestVIPCardPurchase" name="test_vip_purchase_accepts_card_payment" time="0.207"><skipped type="pytest.skip" message="No test user available for VIP card tests">/app/backend/tests/test_referral_system.py:283: No test user available for VIP card tests</skipped></testcase><testcase classname="backend.tests.test_referral_system.TestVIPCardPurchase" name="test_vip_purchase_momo_requires_details" time="0.429"><skipped type="pytest.skip" message="No test user available for VIP card tests">/app/backend/tests/test_referral_system.py:305: No test user available for VIP card tests</skipped></testcase><testcase classname="backend.tests.test_referral_system.TestVIPCardsEndpoint" name="test_vip_cards_list_endpoint" time="0.171" /></testsuite></testsuites>