<?xml version="1.0" encoding="utf-8"?><testsuites name="pytest tests"><testsuite name="pytest" errors="0" failures="0" skipped="0" tests="19" time="4.040" timestamp="2026-03-01T15:06:34.886520+00:00" hostname="agent-env-c8c47970-3296-4a36-b063-6bc2a32e2d80"><testcase classname="backend.tests.test_sdm_platform.TestAdminSDMConfig" name="test_admin_get_sdm_config" time="0.587" /><testcase classname="backend.tests.test_sdm_platform.TestAdminSDMConfig" name="test_admin_update_sdm_config" time="0.501" /><testcase classname="backend.tests.test_sdm_platform.TestAdminSDMStats" name="test_admin_get_sdm_stats" time="0.107" /><testcase classname="backend.tests.test_sdm_platform.TestAdminMemberships" name="test_admin_get_memberships" time="0.138" /><testcase classname="backend.tests.test_sdm_platform.TestAdminMemberships" name="test_admin_get_memberships_with_status_filter" time="0.100" /><testcase classname="backend.tests.test_sdm_platform.TestAdminCardTypes" name="test_admin_get_all_card_types" time="0.110" /><testcase classname="backend.tests.test_sdm_platform.TestMerchantCardTypes" name="test_merchant_create_card_type" time="0.242" /><testcase classname="backend.tests.test_sdm_platform.TestMerchantCardTypes" name="test_merchant_get_card_types" time="0.113" /><testcase classname="backend.tests.test_sdm_platform.TestMerchantCardTypes" name="test_merchant_update_card_type" time="0.215" /><testcase classname="backend.tests.test_sdm_platform.TestMerchantCardTypes" name="test_merchant_delete_card_type" time="0.246" /><testcase classname="backend.tests.test_sdm_platform.TestMerchantMemberships" name="test_merchant_get_memberships" time="0.124" /><testcase classname="backend.tests.test_sdm_platform.TestUserAvailableCards" name="test_user_get_available_cards" time="0.336" /><testcase classname="backend.tests.test_sdm_platform.TestUserMemberships" name="test_user_get_memberships" time="0.147" /><testcase classname="backend.tests.test_sdm_platform.TestUserPurchaseMembership" name="test_user_purchase_membership_no_balance" time="0.266" /><testcase classname="backend.tests.test_sdm_platform.TestUserPurchaseMembership" name="test_user_purchase_membership_invalid_card" time="0.099" /><testcase classname="backend.tests.test_sdm_platform.TestAuthEndpoints" name="test_send_otp" time="0.156" /><testcase classname="backend.tests.test_sdm_platform.TestAuthEndpoints" name="test_send_otp_with_referral" time="0.127" /><testcase classname="backend.tests.test_sdm_platform.TestAuthEndpoints" name="test_verify_otp_invalid" time="0.214" /><testcase classname="backend.tests.test_sdm_platform.TestMerchantVerification" name="test_admin_verify_merchant" time="0.125" /></testsuite></testsuites>