<?xml version="1.0" encoding="utf-8"?><testsuites name="pytest tests"><testsuite name="pytest" errors="0" failures="0" skipped="0" tests="16" time="4.925" timestamp="2026-03-05T01:40:52.973440+00:00" hostname="agent-env-c8c47970-3296-4a36-b063-6bc2a32e2d80"><testcase classname="backend.tests.test_sdm_commissions_card_types.TestAdvancedStatsSDMCommissions" name="test_advanced_stats_returns_total_sdm_commissions" time="0.622" /><testcase classname="backend.tests.test_sdm_commissions_card_types.TestAdvancedStatsSDMCommissions" name="test_advanced_stats_returns_commission_by_period" time="0.139" /><testcase classname="backend.tests.test_sdm_commissions_card_types.TestAdvancedStatsServiceFees" name="test_advanced_stats_returns_service_fees_structure" time="0.467" /><testcase classname="backend.tests.test_sdm_commissions_card_types.TestAdvancedStatsServiceFees" name="test_service_fees_by_service_type" time="0.146" /><testcase classname="backend.tests.test_sdm_commissions_card_types.TestAdvancedStatsServiceFees" name="test_service_fees_top_services_ranking" time="0.116" /><testcase classname="backend.tests.test_sdm_commissions_card_types.TestAdvancedStatsServiceFees" name="test_service_fees_monthly_chart" time="0.146" /><testcase classname="backend.tests.test_sdm_commissions_card_types.TestCardTypesWithDuration" name="test_card_types_endpoint_returns_duration_days" time="0.449" /><testcase classname="backend.tests.test_sdm_commissions_card_types.TestCardTypesWithDuration" name="test_default_cards_have_duration" time="0.114" /><testcase classname="backend.tests.test_sdm_commissions_card_types.TestPublicCardTypesEndpoint" name="test_public_card_types_returns_duration_label" time="0.177" /><testcase classname="backend.tests.test_sdm_commissions_card_types.TestPublicCardTypesEndpoint" name="test_duration_label_format" time="0.116" /><testcase classname="backend.tests.test_sdm_commissions_card_types.TestCreateCustomCardType" name="test_create_card_type_with_custom_duration" time="0.654" /><testcase classname="backend.tests.test_sdm_commissions_card_types.TestCreateCustomCardType" name="test_cannot_create_card_with_reserved_slug" time="0.118" /><testcase classname="backend.tests.test_sdm_commissions_card_types.TestUpdateCardPricesDuration" name="test_update_silver_duration" time="0.824" /><testcase classname="backend.tests.test_sdm_commissions_card_types.TestAdvancedStatsAuthProtection" name="test_advanced_stats_requires_auth" time="0.128" /><testcase classname="backend.tests.test_sdm_commissions_card_types.TestAdvancedStatsAuthProtection" name="test_card_types_requires_auth" time="0.104" /><testcase classname="backend.tests.test_sdm_commissions_card_types.TestCompleteFinancialStatsStructure" name="test_complete_financial_stats" time="0.492" /></testsuite></testsuites>