<?xml version="1.0" encoding="utf-8"?><testsuites name="pytest tests"><testsuite name="pytest" errors="0" failures="0" skipped="0" tests="19" time="8.444" timestamp="2026-03-03T03:15:02.461402+00:00" hostname="agent-env-c8c47970-3296-4a36-b063-6bc2a32e2d80"><testcase classname="tests.test_sdm_payment_system.TestPaymentSystemAPIs" name="test_01_merchant_qr_code_generation" time="0.967" /><testcase classname="tests.test_sdm_payment_system.TestPaymentSystemAPIs" name="test_02_merchant_cash_balance" time="0.124" /><testcase classname="tests.test_sdm_payment_system.TestPaymentSystemAPIs" name="test_03_split_calculation_100_ghs_at_8_percent" time="0.000" /><testcase classname="tests.test_sdm_payment_system.TestPaymentSystemAPIs" name="test_04_client_initiate_momo_payment" time="0.135" /><testcase classname="tests.test_sdm_payment_system.TestPaymentSystemAPIs" name="test_05_client_initiate_card_payment" time="0.133" /><testcase classname="tests.test_sdm_payment_system.TestPaymentSystemAPIs" name="test_06_client_initiate_cash_payment" time="0.140" /><testcase classname="tests.test_sdm_payment_system.TestPaymentSystemAPIs" name="test_07_get_client_qr_code" time="0.150" /><testcase classname="tests.test_sdm_payment_system.TestPaymentSystemAPIs" name="test_08_merchant_initiate_momo_payment" time="0.112" /><testcase classname="tests.test_sdm_payment_system.TestPaymentSystemAPIs" name="test_09_merchant_initiate_cash_payment" time="0.128" /><testcase classname="tests.test_sdm_payment_system.TestPaymentSystemAPIs" name="test_10_get_pending_payments" time="0.114" /><testcase classname="tests.test_sdm_payment_system.TestPaymentSystemAPIs" name="test_11_confirm_cash_payment" time="0.318" /><testcase classname="tests.test_sdm_payment_system.TestPaymentSystemAPIs" name="test_12_reject_cash_payment" time="0.219" /><testcase classname="tests.test_sdm_payment_system.TestPaymentSystemAPIs" name="test_13_get_client_payment_history" time="0.113" /><testcase classname="tests.test_sdm_payment_system.TestPaymentSystemAPIs" name="test_14_get_merchant_payment_history" time="2.779" /><testcase classname="tests.test_sdm_payment_system.TestMerchantSettlementRegistration" name="test_01_get_merchant_profile_with_settlement" time="0.499" /><testcase classname="tests.test_sdm_payment_system.TestInvalidScenarios" name="test_01_initiate_payment_invalid_method" time="0.922" /><testcase classname="tests.test_sdm_payment_system.TestInvalidScenarios" name="test_02_initiate_payment_invalid_merchant_qr" time="0.497" /><testcase classname="tests.test_sdm_payment_system.TestInvalidScenarios" name="test_03_merchant_initiate_invalid_client_qr" time="0.546" /><testcase classname="tests.test_sdm_payment_system.TestInvalidScenarios" name="test_04_confirm_nonexistent_payment" time="0.460" /></testsuite></testsuites>