<?xml version="1.0" encoding="utf-8"?><testsuites name="pytest tests"><testsuite name="pytest" errors="0" failures="0" skipped="0" tests="18" time="5.016" timestamp="2026-03-04T18:23:09.723443+00:00" hostname="agent-env-c8c47970-3296-4a36-b063-6bc2a32e2d80"><testcase classname="tests.test_sdm_rebuild.TestHealthCheck" name="test_health_returns_healthy" time="0.148" /><testcase classname="tests.test_sdm_rebuild.TestOTPEndpoints" name="test_send_otp_returns_test_mode" time="0.117" /><testcase classname="tests.test_sdm_rebuild.TestOTPEndpoints" name="test_verify_otp_with_test_code" time="0.259" /><testcase classname="tests.test_sdm_rebuild.TestOTPEndpoints" name="test_verify_otp_invalid_code_fails" time="0.118" /><testcase classname="tests.test_sdm_rebuild.TestClientAuth" name="test_client_register_creates_new_client" time="0.333" /><testcase classname="tests.test_sdm_rebuild.TestClientAuth" name="test_client_login_works_for_existing" time="0.353" /><testcase classname="tests.test_sdm_rebuild.TestClientAuth" name="test_client_login_invalid_credentials_fails" time="0.334" /><testcase classname="tests.test_sdm_rebuild.TestMerchantAuth" name="test_merchant_register_creates_new_merchant" time="0.364" /><testcase classname="tests.test_sdm_rebuild.TestMerchantAuth" name="test_merchant_login_works_for_existing" time="0.340" /><testcase classname="tests.test_sdm_rebuild.TestMerchantAuth" name="test_merchant_login_invalid_credentials_fails" time="0.338" /><testcase classname="tests.test_sdm_rebuild.TestAdminAuth" name="test_admin_login_with_valid_credentials" time="0.336" /><testcase classname="tests.test_sdm_rebuild.TestAdminAuth" name="test_admin_login_invalid_credentials_fails" time="0.133" /><testcase classname="tests.test_sdm_rebuild.TestClientDashboard" name="test_available_cards_returns_3_types" time="0.131" /><testcase classname="tests.test_sdm_rebuild.TestAdminDashboard" name="test_admin_clients_list" time="0.467" /><testcase classname="tests.test_sdm_rebuild.TestAdminDashboard" name="test_admin_merchants_list" time="0.453" /><testcase classname="tests.test_sdm_rebuild.TestAdminDashboard" name="test_admin_requires_authentication" time="0.131" /><testcase classname="tests.test_sdm_rebuild.TestTokenValidation" name="test_auth_me_returns_user_info" time="0.484" /><testcase classname="tests.test_sdm_rebuild.TestTokenValidation" name="test_invalid_token_rejected" time="0.119" /></testsuite></testsuites>