<?xml version="1.0" encoding="utf-8"?><testsuites name="pytest tests"><testsuite name="pytest" errors="0" failures="0" skipped="0" tests="11" time="2.132" timestamp="2026-03-02T16:22:39.880074+00:00" hostname="agent-env-c8c47970-3296-4a36-b063-6bc2a32e2d80"><testcase classname="tests.test_sdm_auth.TestClientAuthentication" name="test_send_otp_test_account" time="0.178" /><testcase classname="tests.test_sdm_auth.TestClientAuthentication" name="test_verify_otp_test_account" time="0.146" /><testcase classname="tests.test_sdm_auth.TestClientAuthentication" name="test_verify_otp_invalid_code" time="0.183" /><testcase classname="tests.test_sdm_auth.TestClientAuthentication" name="test_client_register_new_user" time="0.111" /><testcase classname="tests.test_sdm_auth.TestClientAuthentication" name="test_client_login" time="0.166" /><testcase classname="tests.test_sdm_auth.TestMerchantAuthentication" name="test_merchant_send_otp_test_account" time="0.180" /><testcase classname="tests.test_sdm_auth.TestMerchantAuthentication" name="test_merchant_register" time="0.387" /><testcase classname="tests.test_sdm_auth.TestMerchantAuthentication" name="test_merchant_login" time="0.341" /><testcase classname="tests.test_sdm_auth.TestPasswordReset" name="test_forgot_password_test_account" time="0.117" /><testcase classname="tests.test_sdm_auth.TestOTPEndpoints" name="test_client_send_otp_with_referral" time="0.141" /><testcase classname="tests.test_sdm_auth.TestOTPEndpoints" name="test_client_send_otp_user_type" time="0.127" /></testsuite></testsuites>