<?xml version="1.0" encoding="utf-8"?><testsuites name="pytest tests"><testsuite name="pytest" errors="0" failures="0" skipped="0" tests="13" time="1.305" timestamp="2026-03-05T02:28:27.815412+00:00" hostname="agent-env-c8c47970-3296-4a36-b063-6bc2a32e2d80"><testcase classname="backend.tests.test_seo_sms_features.TestHealthCheck" name="test_api_health" time="0.183" /><testcase classname="backend.tests.test_seo_sms_features.TestCardExpirationReminders" name="test_card_expiration_task_endpoint" time="0.141" /><testcase classname="backend.tests.test_seo_sms_features.TestCardExpirationReminders" name="test_card_expiration_task_returns_correct_fields" time="0.117" /><testcase classname="backend.tests.test_seo_sms_features.TestSEOFiles" name="test_robots_txt_accessible" time="0.148" /><testcase classname="backend.tests.test_seo_sms_features.TestSEOFiles" name="test_robots_txt_contains_sdm_content" time="0.146" /><testcase classname="backend.tests.test_seo_sms_features.TestSEOFiles" name="test_sitemap_xml_accessible" time="0.137" /><testcase classname="backend.tests.test_seo_sms_features.TestSEOFiles" name="test_sitemap_xml_contains_valid_urls" time="0.117" /><testcase classname="backend.tests.test_seo_sms_features.TestSEOFiles" name="test_sitemap_xml_valid_structure" time="0.117" /><testcase classname="backend.tests.test_seo_sms_features.TestSMSServiceFunctions" name="test_sms_service_file_exists" time="0.109" /><testcase classname="backend.tests.test_seo_sms_features.TestSMSServiceFunctions" name="test_sms_notify_card_expiring_method" time="0.000" /><testcase classname="backend.tests.test_seo_sms_features.TestSMSServiceFunctions" name="test_sms_notify_card_expired_method" time="0.000" /><testcase classname="backend.tests.test_seo_sms_features.TestSMSServiceFunctions" name="test_sms_notify_referral_bonus_method" time="0.000" /><testcase classname="backend.tests.test_seo_sms_features.TestSMSTestMode" name="test_sms_test_mode_configured" time="0.000" /></testsuite></testsuites>