<?xml version="1.0" encoding="utf-8"?><testsuites name="pytest tests"><testsuite name="pytest" errors="0" failures="0" skipped="0" tests="14" time="69.408" timestamp="2026-03-11T01:41:09.759364+00:00" hostname="agent-env-c8c47970-3296-4a36-b063-6bc2a32e2d80"><testcase classname="backend.tests.test_seo_features.TestSEOSitemap" name="test_sitemap_returns_xml" time="0.230" /><testcase classname="backend.tests.test_seo_features.TestSEOSitemap" name="test_sitemap_contains_required_urls" time="0.123" /><testcase classname="backend.tests.test_seo_features.TestSEOSitemap" name="test_sitemap_has_valid_structure" time="0.288" /><testcase classname="backend.tests.test_seo_features.TestSEORobotsTxt" name="test_robots_returns_text" time="0.111" /><testcase classname="backend.tests.test_seo_features.TestSEORobotsTxt" name="test_robots_has_required_directives" time="0.104" /><testcase classname="backend.tests.test_seo_features.TestSEOAnalyticsOverview" name="test_analytics_overview_returns_data" time="0.177" /><testcase classname="backend.tests.test_seo_features.TestSEOAnalyticsOverview" name="test_analytics_overview_contains_metrics" time="0.127" /><testcase classname="backend.tests.test_seo_features.TestSEOKeywordSuggestions" name="test_keyword_suggestions_returns_list" time="10.158" /><testcase classname="backend.tests.test_seo_features.TestSEOKeywordSuggestions" name="test_keyword_structure" time="10.133" /><testcase classname="backend.tests.test_seo_features.TestSEOKeywordSuggestions" name="test_keyword_suggestions_with_params" time="9.478" /><testcase classname="backend.tests.test_seo_features.TestSEOAIAnalysis" name="test_analyze_endpoint_exists" time="35.537" /><testcase classname="backend.tests.test_seo_features.TestSEOAIAnalysis" name="test_content_generate_endpoint_exists" time="1.896" /><testcase classname="backend.tests.test_seo_features.TestAdminLogin" name="test_admin_login" time="0.354" /><testcase classname="backend.tests.test_seo_features.TestAuthenticatedSEO" name="test_seo_history_endpoint" time="0.563" /></testsuite></testsuites>