<?xml version="1.0" encoding="utf-8"?><testsuites name="pytest tests"><testsuite name="pytest" errors="0" failures="1" skipped="0" tests="13" time="8.498" timestamp="2026-03-04T19:40:53.480017+00:00" hostname="agent-env-c8c47970-3296-4a36-b063-6bc2a32e2d80"><testcase classname="backend.tests.test_sms_notifications_phase3.TestHealthAndConfig" name="test_health_check" time="0.318" /><testcase classname="backend.tests.test_sms_notifications_phase3.TestHealthAndConfig" name="test_admin_login" time="0.351" /><testcase classname="backend.tests.test_sms_notifications_phase3.TestCardPurchaseSMS" name="test_card_purchase_flow_with_sms" time="1.354" /><testcase classname="backend.tests.test_sms_notifications_phase3.TestMerchantPaymentSMS" name="test_merchant_payment_triggers_dual_sms" time="1.253" /><testcase classname="backend.tests.test_sms_notifications_phase3.TestPaymentCallback" name="test_callback_endpoint_accepts_post" time="0.162" /><testcase classname="backend.tests.test_sms_notifications_phase3.TestPaymentCallback" name="test_callback_missing_reference_returns_error" time="0.120" /><testcase classname="backend.tests.test_sms_notifications_phase3.TestPaymentCallback" name="test_callback_success_status_completes_payment" time="1.359" /><testcase classname="backend.tests.test_sms_notifications_phase3.TestPaymentCallback" name="test_callback_failed_status_triggers_failure_sms" time="1.314" /><testcase classname="backend.tests.test_sms_notifications_phase3.TestPaymentCallback" name="test_callback_pending_status_no_action" time="0.149" /><testcase classname="backend.tests.test_sms_notifications_phase3.TestReferralBonusSMS" name="test_referral_triggers_sms_to_referrer" time="1.143" /><testcase classname="backend.tests.test_sms_notifications_phase3.TestSMSTestMode" name="test_payment_indicates_test_mode" time="0.583" /><testcase classname="backend.tests.test_sms_notifications_phase3.TestSMSTemplates" name="test_all_sms_types" time="0.000" /><testcase classname="backend.tests.test_sms_notifications_phase3.TestEndToEndSMSFlow" name="test_complete_user_journey_with_sms" time="0.285"><failure message="assert 400 == 200&#10; +  where 400 = &lt;Response [400]&gt;.status_code">backend/tests/test_sms_notifications_phase3.py:477: in test_complete_user_journey_with_sms
    assert reg_response.status_code == 200
E   assert 400 == 200
E    +  where 400 = &lt;Response [400]&gt;.status_code</failure></testcase></testsuite></testsuites>