<?xml version="1.0" encoding="utf-8"?><testsuites name="pytest tests"><testsuite name="pytest" errors="0" failures="0" skipped="0" tests="10" time="4.766" timestamp="2026-03-20T12:44:50.211651+00:00" hostname="agent-env-c8c47970-3296-4a36-b063-6bc2a32e2d80"><testcase classname="tests.test_sse_notifications.TestSSEStatus" name="test_sse_status_endpoint_exists" time="0.186" /><testcase classname="tests.test_sse_notifications.TestSSEStatus" name="test_sse_status_returns_correct_structure" time="0.122" /><testcase classname="tests.test_sse_notifications.TestSSEMerchantEndpoint" name="test_sse_merchant_endpoint_requires_token" time="0.119" /><testcase classname="tests.test_sse_notifications.TestSSEMerchantEndpoint" name="test_sse_merchant_endpoint_rejects_invalid_token" time="0.105" /><testcase classname="tests.test_sse_notifications.TestSSEMerchantEndpoint" name="test_sse_merchant_endpoint_rejects_non_merchant_token" time="0.107" /><testcase classname="tests.test_sse_notifications.TestSSEMerchantEndpoint" name="test_sse_merchant_endpoint_accepts_valid_merchant_token" time="1.105" /><testcase classname="tests.test_sse_notifications.TestSSEConnectionStatus" name="test_sse_status_updates_on_connection" time="2.840" /><testcase classname="tests.test_sse_notifications.TestSSENotificationFunction" name="test_notify_merchant_payment_import_works" time="0.003" /><testcase classname="tests.test_sse_notifications.TestSSENotificationFunction" name="test_notify_merchant_called_in_process_merchant_payment" time="0.003" /><testcase classname="tests.test_sse_notifications.TestHealthEndpoint" name="test_health_endpoint" time="0.102" /></testsuite></testsuites>