<?xml version="1.0" encoding="utf-8"?><testsuites name="pytest tests"><testsuite name="pytest" errors="0" failures="0" skipped="8" tests="14" time="4.424" timestamp="2026-03-18T18:54:17.576229+00:00" hostname="agent-env-c8c47970-3296-4a36-b063-6bc2a32e2d80"><testcase classname="tests.test_usage_tracking_dashboard.TestUsageTrackingDashboardAPI" name="test_get_usage_requires_auth" time="0.683" /><testcase classname="tests.test_usage_tracking_dashboard.TestUsageTrackingDashboardAPI" name="test_get_usage_success" time="0.545" /><testcase classname="tests.test_usage_tracking_dashboard.TestUsageTrackingDashboardAPI" name="test_get_usage_with_limit_param" time="0.490" /><testcase classname="tests.test_usage_tracking_dashboard.TestUsageTrackingDashboardAPI" name="test_get_usage_with_sort_by_daily_usage" time="0.534" /><testcase classname="tests.test_usage_tracking_dashboard.TestUsageTrackingDashboardAPI" name="test_get_usage_with_sort_by_weekly_usage" time="0.559" /><testcase classname="tests.test_usage_tracking_dashboard.TestUsageTrackingDashboardAPI" name="test_get_usage_with_sort_by_monthly_usage" time="0.141"><skipped type="pytest.skip" message="Failed to login admin: 429 - {&quot;error&quot;:&quot;Rate limit exceeded: 3 per 1 minute&quot;}">/app/backend/tests/test_usage_tracking_dashboard.py:119: Failed to login admin: 429 - {"error":"Rate limit exceeded: 3 per 1 minute"}</skipped></testcase><testcase classname="tests.test_usage_tracking_dashboard.TestUsageTrackingDashboardAPI" name="test_get_usage_with_sort_by_daily_percent" time="0.125"><skipped type="pytest.skip" message="Failed to login admin: 429 - {&quot;error&quot;:&quot;Rate limit exceeded: 3 per 1 minute&quot;}">/app/backend/tests/test_usage_tracking_dashboard.py:131: Failed to login admin: 429 - {"error":"Rate limit exceeded: 3 per 1 minute"}</skipped></testcase><testcase classname="tests.test_usage_tracking_dashboard.TestUsageTrackingDashboardAPI" name="test_get_usage_with_filter_approaching" time="0.123"><skipped type="pytest.skip" message="Failed to login admin: 429 - {&quot;error&quot;:&quot;Rate limit exceeded: 3 per 1 minute&quot;}">/app/backend/tests/test_usage_tracking_dashboard.py:143: Failed to login admin: 429 - {"error":"Rate limit exceeded: 3 per 1 minute"}</skipped></testcase><testcase classname="tests.test_usage_tracking_dashboard.TestUsageTrackingDashboardAPI" name="test_get_usage_with_custom_threshold" time="0.499" /><testcase classname="tests.test_usage_tracking_dashboard.TestUsageTrackingDashboardAPI" name="test_get_usage_client_data_structure" time="0.106"><skipped type="pytest.skip" message="Failed to login admin: 429 - {&quot;error&quot;:&quot;Rate limit exceeded: 3 per 1 minute&quot;}">/app/backend/tests/test_usage_tracking_dashboard.py:178: Failed to login admin: 429 - {"error":"Rate limit exceeded: 3 per 1 minute"}</skipped></testcase><testcase classname="tests.test_usage_tracking_dashboard.TestUsageTrackingDashboardAPI" name="test_get_usage_global_limits_included" time="0.123"><skipped type="pytest.skip" message="Failed to login admin: 429 - {&quot;error&quot;:&quot;Rate limit exceeded: 3 per 1 minute&quot;}">/app/backend/tests/test_usage_tracking_dashboard.py:213: Failed to login admin: 429 - {"error":"Rate limit exceeded: 3 per 1 minute"}</skipped></testcase><testcase classname="tests.test_usage_tracking_dashboard.TestUsageTrackingEdgeCases" name="test_invalid_token_rejected" time="0.182"><skipped type="pytest.skip" message="Failed to login admin: 429">/app/backend/tests/test_usage_tracking_dashboard.py:259: Failed to login admin: 429</skipped></testcase><testcase classname="tests.test_usage_tracking_dashboard.TestUsageTrackingEdgeCases" name="test_invalid_sort_by_handled" time="0.124"><skipped type="pytest.skip" message="Failed to login admin: 429">/app/backend/tests/test_usage_tracking_dashboard.py:268: Failed to login admin: 429</skipped></testcase><testcase classname="tests.test_usage_tracking_dashboard.TestUsageTrackingEdgeCases" name="test_multiple_params_combined" time="0.109"><skipped type="pytest.skip" message="Failed to login admin: 429">/app/backend/tests/test_usage_tracking_dashboard.py:278: Failed to login admin: 429</skipped></testcase></testsuite></testsuites>