<?xml version="1.0" encoding="utf-8"?><testsuites name="pytest tests"><testsuite name="pytest" errors="0" failures="0" skipped="0" tests="13" time="3.094" timestamp="2026-03-04T01:33:53.604909+00:00" hostname="agent-env-c8c47970-3296-4a36-b063-6bc2a32e2d80"><testcase classname="backend.tests.test_vip_system.TestVIPServiceProtection" name="test_airtime_requires_vip" time="0.499" /><testcase classname="backend.tests.test_vip_system.TestVIPServiceProtection" name="test_data_requires_vip" time="0.077" /><testcase classname="backend.tests.test_vip_system.TestVIPServiceProtection" name="test_bill_requires_vip" time="0.065" /><testcase classname="backend.tests.test_vip_system.TestVIPServiceProtection" name="test_withdraw_requires_vip" time="0.063" /><testcase classname="backend.tests.test_vip_system.TestVIPServiceProtection" name="test_vip_user_can_call_airtime" time="0.339" /><testcase classname="backend.tests.test_vip_system.TestVIPServiceProtection" name="test_vip_user_can_call_data" time="0.089" /><testcase classname="backend.tests.test_vip_system.TestVIPServiceProtection" name="test_vip_user_can_call_bill" time="0.055" /><testcase classname="backend.tests.test_vip_system.TestVIPServiceProtection" name="test_vip_user_can_call_withdraw" time="0.066" /><testcase classname="backend.tests.test_vip_system.TestAdminCardSales" name="test_card_sales_endpoint_exists" time="0.413" /><testcase classname="backend.tests.test_vip_system.TestAdminCardSales" name="test_card_sales_stats_structure" time="0.061" /><testcase classname="backend.tests.test_vip_system.TestAdminCardSales" name="test_card_sales_requires_admin_auth" time="0.052" /><testcase classname="backend.tests.test_vip_system.TestAdminCardSales" name="test_card_sales_by_tier" time="0.056" /><testcase classname="backend.tests.test_vip_system.TestUserWithoutVIPCreation" name="test_can_check_test_phone_user" time="1.185" /></testsuite></testsuites>