<?xml version="1.0" encoding="utf-8"?><testsuites name="pytest tests"><testsuite name="pytest" errors="0" failures="0" skipped="3" tests="9" time="3.914" timestamp="2026-03-18T18:43:47.259735+00:00" hostname="agent-env-c8c47970-3296-4a36-b063-6bc2a32e2d80"><testcase classname="tests.test_withdrawal_limits.TestWithdrawalLimitsAPI" name="test_get_withdrawal_limits_requires_auth" time="0.570" /><testcase classname="tests.test_withdrawal_limits.TestWithdrawalLimitsAPI" name="test_get_withdrawal_limits_success" time="0.499" /><testcase classname="tests.test_withdrawal_limits.TestWithdrawalLimitsAPI" name="test_put_withdrawal_limits_requires_auth" time="0.495" /><testcase classname="tests.test_withdrawal_limits.TestWithdrawalLimitsAPI" name="test_put_withdrawal_limits_success" time="0.503" /><testcase classname="tests.test_withdrawal_limits.TestWithdrawalLimitsAPI" name="test_put_withdrawal_limits_persistence" time="0.625" /><testcase classname="tests.test_withdrawal_limits.TestWithdrawalLimitsAPI" name="test_put_withdrawal_limits_partial_update" time="0.110"><skipped type="pytest.skip" message="Failed to login admin: 429 - {&quot;error&quot;:&quot;Rate limit exceeded: 3 per 1 minute&quot;}">/app/backend/tests/test_withdrawal_limits.py:160: Failed to login admin: 429 - {"error":"Rate limit exceeded: 3 per 1 minute"}</skipped></testcase><testcase classname="tests.test_withdrawal_limits.TestWithdrawalLimitsEdgeCases" name="test_invalid_token_rejected" time="0.123"><skipped type="pytest.skip" message="Failed to login admin: 429">/app/backend/tests/test_withdrawal_limits.py:206: Failed to login admin: 429</skipped></testcase><testcase classname="tests.test_withdrawal_limits.TestWithdrawalLimitsEdgeCases" name="test_put_with_zero_values" time="0.572" /><testcase classname="tests.test_withdrawal_limits.TestWithdrawalLimitsEdgeCases" name="test_put_with_decimal_values" time="0.362"><skipped type="pytest.skip" message="Failed to login admin: 429">/app/backend/tests/test_withdrawal_limits.py:240: Failed to login admin: 429</skipped></testcase></testsuite></testsuites>