<?xml version="1.0" encoding="utf-8"?><testsuites name="pytest tests"><testsuite name="pytest" errors="0" failures="0" skipped="0" tests="16" time="7.200" timestamp="2026-03-04T20:27:17.468941+00:00" hostname="agent-env-c8c47970-3296-4a36-b063-6bc2a32e2d80"><testcase classname="backend.tests.test_withdrawal_payment_logos.TestClientWithdrawal" name="test_withdrawal_initiate_unauthorized" time="0.166" /><testcase classname="backend.tests.test_withdrawal_payment_logos.TestClientWithdrawal" name="test_withdrawal_initiate_minimum_amount" time="0.457" /><testcase classname="backend.tests.test_withdrawal_payment_logos.TestClientWithdrawal" name="test_withdrawal_initiate_maximum_amount" time="0.456" /><testcase classname="backend.tests.test_withdrawal_payment_logos.TestClientWithdrawal" name="test_withdrawal_initiate_invalid_phone" time="0.488" /><testcase classname="backend.tests.test_withdrawal_payment_logos.TestClientWithdrawal" name="test_withdrawal_initiate_success" time="0.499" /><testcase classname="backend.tests.test_withdrawal_payment_logos.TestClientWithdrawal" name="test_withdrawal_test_confirm" time="0.606" /><testcase classname="backend.tests.test_withdrawal_payment_logos.TestClientWithdrawal" name="test_withdrawal_confirm_not_found" time="0.453" /><testcase classname="backend.tests.test_withdrawal_payment_logos.TestAdminPaymentLogos" name="test_public_payment_logos_no_auth" time="0.114" /><testcase classname="backend.tests.test_withdrawal_payment_logos.TestAdminPaymentLogos" name="test_admin_get_payment_logos_unauthorized" time="0.114" /><testcase classname="backend.tests.test_withdrawal_payment_logos.TestAdminPaymentLogos" name="test_admin_get_payment_logos" time="0.505" /><testcase classname="backend.tests.test_withdrawal_payment_logos.TestAdminPaymentLogos" name="test_admin_create_payment_logo" time="0.520" /><testcase classname="backend.tests.test_withdrawal_payment_logos.TestAdminPaymentLogos" name="test_admin_update_payment_logo" time="0.738" /><testcase classname="backend.tests.test_withdrawal_payment_logos.TestAdminPaymentLogos" name="test_admin_delete_payment_logo" time="0.630" /><testcase classname="backend.tests.test_withdrawal_payment_logos.TestAdminPaymentLogos" name="test_admin_delete_nonexistent_logo" time="0.476" /><testcase classname="backend.tests.test_withdrawal_payment_logos.TestAdminPaymentLogos" name="test_admin_update_nonexistent_logo" time="0.466" /><testcase classname="backend.tests.test_withdrawal_payment_logos.TestClientBalance" name="test_get_client_dashboard" time="0.453" /></testsuite></testsuites>