<?xml version="1.0" encoding="utf-8"?><testsuites name="pytest tests"><testsuite name="pytest" errors="0" failures="0" skipped="0" tests="10" time="2.043" timestamp="2026-03-09T00:45:27.607480+00:00" hostname="agent-env-c8c47970-3296-4a36-b063-6bc2a32e2d80"><testcase classname="tests.test_withdrawal_fees.TestWithdrawalFeeAPI" name="test_withdrawal_fee_endpoint_returns_200" time="0.173" /><testcase classname="tests.test_withdrawal_fees.TestWithdrawalFeeAPI" name="test_withdrawal_fee_has_correct_structure" time="0.110" /><testcase classname="tests.test_withdrawal_fees.TestServiceFeesAPI" name="test_service_fees_endpoint_returns_200" time="0.159" /><testcase classname="tests.test_withdrawal_fees.TestServiceFeesAPI" name="test_service_fees_includes_withdrawal" time="0.114" /><testcase classname="tests.test_withdrawal_fees.TestServiceFeesAPI" name="test_service_fees_includes_all_services" time="0.120" /><testcase classname="tests.test_withdrawal_fees.TestAdminServiceCommissions" name="test_admin_login_works" time="0.425" /><testcase classname="tests.test_withdrawal_fees.TestAdminServiceCommissions" name="test_get_platform_settings" time="0.117" /><testcase classname="tests.test_withdrawal_fees.TestAdminServiceCommissions" name="test_save_service_commissions" time="0.498" /><testcase classname="tests.test_withdrawal_fees.TestBackendStartsClean" name="test_health_endpoint" time="0.115" /><testcase classname="tests.test_withdrawal_fees.TestBackendStartsClean" name="test_auth_endpoint_available" time="0.105" /></testsuite></testsuites>